mode: set
mikmongo/internal/domain/billing/domain.go:14.26,16.2 1 1
mikmongo/internal/domain/billing/domain.go:19.66,21.2 1 1
mikmongo/internal/domain/billing/domain.go:24.83,26.2 1 1
mikmongo/internal/domain/billing/domain.go:29.94,30.20 1 1
mikmongo/internal/domain/billing/domain.go:30.20,32.3 1 1
mikmongo/internal/domain/billing/domain.go:33.2,33.82 1 1
mikmongo/internal/domain/billing/domain.go:37.81,38.22 1 1
mikmongo/internal/domain/billing/domain.go:38.22,40.3 1 1
mikmongo/internal/domain/billing/domain.go:41.2,43.15 3 1
mikmongo/internal/domain/billing/domain.go:43.15,45.3 1 1
mikmongo/internal/domain/billing/domain.go:46.2,46.34 1 1
mikmongo/internal/domain/billing/domain.go:50.68,51.20 1 1
mikmongo/internal/domain/billing/domain.go:52.39,53.15 1 1
mikmongo/internal/domain/billing/domain.go:55.2,55.31 1 1
mikmongo/internal/domain/billing/domain.go:59.69,60.28 1 1
mikmongo/internal/domain/billing/domain.go:60.28,62.3 1 1
mikmongo/internal/domain/billing/domain.go:63.2,63.47 1 1
mikmongo/internal/domain/billing/domain.go:67.100,68.28 1 1
mikmongo/internal/domain/billing/domain.go:68.28,70.3 1 1
mikmongo/internal/domain/billing/domain.go:71.2,72.29 2 1
mikmongo/internal/domain/billing/domain.go:76.95,77.33 1 1
mikmongo/internal/domain/billing/domain.go:77.33,79.3 1 1
mikmongo/internal/domain/billing/domain.go:80.2,81.59 2 1
mikmongo/internal/domain/billing/domain.go:85.71,86.15 1 1
mikmongo/internal/domain/billing/domain.go:86.15,88.3 1 1
mikmongo/internal/domain/billing/domain.go:89.2,89.19 1 1
mikmongo/internal/domain/billing/domain.go:89.19,91.3 1 1
mikmongo/internal/domain/billing/domain.go:92.2,92.18 1 1
mikmongo/internal/domain/billing/domain.go:97.82,99.26 2 1
mikmongo/internal/domain/billing/domain.go:99.26,101.3 1 1
mikmongo/internal/domain/billing/domain.go:102.2,102.19 1 1
mikmongo/internal/domain/billing/domain.go:107.74,108.39 1 1
mikmongo/internal/domain/billing/domain.go:108.39,110.3 1 1
mikmongo/internal/domain/billing/domain.go:111.2,111.22 1 1
mikmongo/internal/domain/billing/domain.go:111.22,113.3 1 1
mikmongo/internal/domain/billing/domain.go:114.2,114.10 1 1
mikmongo/internal/domain/billing/domain.go:119.70,120.34 1 1
mikmongo/internal/domain/billing/domain.go:120.34,122.3 1 1
mikmongo/internal/domain/billing/domain.go:123.2,123.42 1 1
mikmongo/internal/domain/billing/domain.go:123.42,125.3 1 1
mikmongo/internal/domain/billing/domain.go:126.2,126.10 1 1
mikmongo/internal/domain/billing/domain.go:130.88,132.15 2 1
mikmongo/internal/domain/billing/domain.go:133.15,134.30 1 1
mikmongo/internal/domain/billing/domain.go:135.16,136.30 1 1
mikmongo/internal/domain/billing/domain.go:137.16,138.30 1 1
mikmongo/internal/domain/billing/domain.go:139.10,140.30 1 1
mikmongo/internal/domain/billing/domain.go:142.2,142.19 1 1
mikmongo/internal/domain/customer/domain.go:14.26,16.2 1 1
mikmongo/internal/domain/customer/domain.go:19.60,20.41 1 1
mikmongo/internal/domain/customer/domain.go:20.41,22.3 1 1
mikmongo/internal/domain/customer/domain.go:23.2,23.38 1 1
mikmongo/internal/domain/customer/domain.go:23.38,25.3 1 1
mikmongo/internal/domain/customer/domain.go:26.2,26.12 1 1
mikmongo/internal/domain/customer/domain.go:30.57,31.17 1 1
mikmongo/internal/domain/customer/domain.go:31.17,33.3 1 1
mikmongo/internal/domain/customer/domain.go:34.2,34.12 1 1
mikmongo/internal/domain/customer/domain.go:38.55,39.16 1 1
mikmongo/internal/domain/customer/domain.go:39.16,41.3 1 1
mikmongo/internal/domain/customer/domain.go:42.2,42.12 1 1
mikmongo/internal/domain/registry.go:34.13,44.2 1 0
mikmongo/internal/domain/registry.go:47.43,49.2 1 0
mikmongo/internal/domain/registry.go:52.41,54.2 1 0
mikmongo/internal/domain/registry.go:57.41,59.2 1 0
mikmongo/internal/domain/registry.go:62.39,64.2 1 0
mikmongo/internal/domain/registry.go:67.51,69.2 1 0
mikmongo/internal/domain/registry.go:72.51,74.2 1 0
mikmongo/internal/domain/registry.go:77.51,79.2 1 0
mikmongo/internal/config/config.go:73.21,74.40 1 0
mikmongo/internal/config/config.go:74.40,76.3 1 0
mikmongo/internal/config/config.go:78.2,137.15 41 0
mikmongo/internal/config/config.go:140.39,141.34 1 0
mikmongo/internal/config/config.go:141.34,143.3 1 0
mikmongo/internal/config/config.go:144.2,144.17 1 0
mikmongo/internal/config/config.go:147.43,148.34 1 0
mikmongo/internal/config/config.go:148.34,149.44 1 0
mikmongo/internal/config/config.go:149.44,151.4 1 0
mikmongo/internal/config/config.go:153.2,153.17 1 0
mikmongo/internal/config/config.go:156.31,159.2 2 0
mikmongo/internal/config/config.go:162.34,166.2 1 0
mikmongo/internal/casbin/enforcer.go:17.61,19.16 2 0
mikmongo/internal/casbin/enforcer.go:19.16,21.3 1 0
mikmongo/internal/casbin/enforcer.go:23.2,24.16 2 0
mikmongo/internal/casbin/enforcer.go:24.16,26.3 1 0
mikmongo/internal/casbin/enforcer.go:28.2,29.16 2 0
mikmongo/internal/casbin/enforcer.go:29.16,31.3 1 0
mikmongo/internal/casbin/enforcer.go:33.2,34.15 2 0
mikmongo/internal/casbin/enforcer.go:37.50,44.30 2 0
mikmongo/internal/casbin/enforcer.go:44.30,45.54 1 0
mikmongo/internal/casbin/enforcer.go:45.54,47.4 1 0
mikmongo/internal/casbin/enforcer.go:50.2,63.29 2 0
mikmongo/internal/casbin/enforcer.go:63.29,64.52 1 0
mikmongo/internal/casbin/enforcer.go:64.52,66.4 1 0
mikmongo/internal/domain/notification/domain.go:14.26,16.2 1 1
mikmongo/internal/domain/notification/domain.go:19.102,20.21 1 1
mikmongo/internal/domain/notification/domain.go:20.21,22.3 1 1
mikmongo/internal/domain/notification/domain.go:23.2,24.25 2 1
mikmongo/internal/domain/notification/domain.go:24.25,26.3 1 1
mikmongo/internal/domain/notification/domain.go:27.2,27.18 1 1
mikmongo/internal/domain/notification/domain.go:31.92,32.25 1 1
mikmongo/internal/domain/notification/domain.go:32.25,34.3 1 1
mikmongo/internal/domain/notification/domain.go:35.2,36.25 2 1
mikmongo/internal/domain/notification/domain.go:36.25,38.3 1 1
mikmongo/internal/domain/notification/domain.go:39.2,39.16 1 1
mikmongo/internal/domain/notification/domain.go:43.79,45.2 1 1
mikmongo/internal/domain/notification/domain.go:48.60,52.6 4 1
mikmongo/internal/domain/notification/domain.go:52.6,54.18 2 1
mikmongo/internal/domain/notification/domain.go:54.18,55.9 1 1
mikmongo/internal/domain/notification/domain.go:57.3,58.16 2 1
mikmongo/internal/domain/notification/domain.go:58.16,59.9 1 0
mikmongo/internal/domain/notification/domain.go:61.3,62.38 2 1
mikmongo/internal/domain/notification/domain.go:62.38,65.4 2 1
mikmongo/internal/domain/notification/domain.go:66.3,66.38 1 1
mikmongo/internal/domain/notification/domain.go:68.2,68.15 1 1
mikmongo/internal/domain/notification/domain.go:72.70,73.40 1 1
mikmongo/internal/domain/notification/domain.go:73.40,75.3 1 1
mikmongo/internal/domain/notification/domain.go:76.2,76.59 1 1
mikmongo/internal/domain/notification/domain.go:76.59,78.3 1 1
mikmongo/internal/domain/notification/domain.go:79.2,79.12 1 1
mikmongo/internal/domain/payment/domain.go:19.26,21.2 1 1
mikmongo/internal/domain/payment/domain.go:24.78,25.19 1 1
mikmongo/internal/domain/payment/domain.go:25.19,27.3 1 1
mikmongo/internal/domain/payment/domain.go:28.2,28.20 1 1
mikmongo/internal/domain/payment/domain.go:29.27,30.72 1 1
mikmongo/internal/domain/payment/domain.go:32.2,32.12 1 1
mikmongo/internal/domain/payment/domain.go:36.53,37.27 1 1
mikmongo/internal/domain/payment/domain.go:37.27,39.3 1 1
mikmongo/internal/domain/payment/domain.go:40.2,40.12 1 1
mikmongo/internal/domain/payment/domain.go:44.52,45.27 1 1
mikmongo/internal/domain/payment/domain.go:45.27,47.3 1 1
mikmongo/internal/domain/payment/domain.go:48.2,48.12 1 1
mikmongo/internal/domain/payment/domain.go:52.52,53.29 1 1
mikmongo/internal/domain/payment/domain.go:53.29,55.3 1 1
mikmongo/internal/domain/payment/domain.go:56.2,56.24 1 1
mikmongo/internal/domain/payment/domain.go:56.24,58.3 1 1
mikmongo/internal/domain/payment/domain.go:59.2,59.12 1 1
mikmongo/internal/domain/payment/domain.go:63.58,65.2 1 1
mikmongo/internal/domain/payment/domain.go:68.94,71.31 3 1
mikmongo/internal/domain/payment/domain.go:71.31,72.21 1 1
mikmongo/internal/domain/payment/domain.go:72.21,73.9 1 1
mikmongo/internal/domain/payment/domain.go:75.3,76.19 2 1
mikmongo/internal/domain/payment/domain.go:76.19,77.12 1 1
mikmongo/internal/domain/payment/domain.go:79.3,80.24 2 1
mikmongo/internal/domain/payment/domain.go:80.24,82.4 1 1
mikmongo/internal/domain/payment/domain.go:83.3,84.21 2 1
mikmongo/internal/domain/payment/domain.go:86.2,86.15 1 1
mikmongo/internal/domain/registration/domain.go:14.26,16.2 1 0
mikmongo/internal/domain/registration/domain.go:19.78,20.43 1 0
mikmongo/internal/domain/registration/domain.go:20.43,22.3 1 0
mikmongo/internal/domain/registration/domain.go:23.2,23.40 1 0
mikmongo/internal/domain/registration/domain.go:23.40,25.3 1 0
mikmongo/internal/domain/registration/domain.go:26.2,26.12 1 0
mikmongo/internal/domain/registration/domain.go:30.68,31.29 1 0
mikmongo/internal/domain/registration/domain.go:31.29,33.3 1 0
mikmongo/internal/domain/registration/domain.go:34.2,34.12 1 0
mikmongo/internal/domain/registration/domain.go:38.67,39.29 1 0
mikmongo/internal/domain/registration/domain.go:39.29,41.3 1 0
mikmongo/internal/domain/registration/domain.go:42.2,42.12 1 0
mikmongo/internal/domain/registration/domain.go:46.75,48.2 1 0
mikmongo/internal/domain/registration/domain.go:51.79,53.2 1 0
mikmongo/internal/domain/router/domain.go:14.26,16.2 1 1
mikmongo/internal/domain/router/domain.go:19.66,20.16 1 1
mikmongo/internal/domain/router/domain.go:20.16,22.3 1 1
mikmongo/internal/domain/router/domain.go:23.2,23.30 1 1
mikmongo/internal/domain/router/domain.go:23.30,25.3 1 1
mikmongo/internal/domain/router/domain.go:26.2,26.12 1 1
mikmongo/internal/domain/router/domain.go:30.57,32.2 1 1
mikmongo/internal/domain/router/domain.go:35.59,37.2 1 1
mikmongo/internal/domain/router/domain.go:40.78,41.23 1 1
mikmongo/internal/domain/router/domain.go:41.23,43.3 1 1
mikmongo/internal/domain/router/domain.go:44.2,44.77 1 1
mikmongo/internal/domain/router/domain.go:48.74,49.25 1 1
mikmongo/internal/domain/router/domain.go:49.25,51.3 1 1
mikmongo/internal/domain/router/domain.go:52.2,52.76 1 1
mikmongo/internal/domain/subscription/domain.go:28.26,30.2 1 1
mikmongo/internal/domain/subscription/domain.go:33.71,35.9 2 1
mikmongo/internal/domain/subscription/domain.go:35.9,37.3 1 1
mikmongo/internal/domain/subscription/domain.go:38.2,38.28 1 1
mikmongo/internal/domain/subscription/domain.go:38.28,39.16 1 1
mikmongo/internal/domain/subscription/domain.go:39.16,41.4 1 1
mikmongo/internal/domain/subscription/domain.go:43.2,43.85 1 1
mikmongo/internal/domain/subscription/domain.go:47.61,48.58 1 1
mikmongo/internal/domain/subscription/domain.go:48.58,50.3 1 1
mikmongo/internal/domain/subscription/domain.go:51.2,51.90 1 1
mikmongo/internal/domain/subscription/domain.go:55.60,56.56 1 1
mikmongo/internal/domain/subscription/domain.go:56.56,58.3 1 1
mikmongo/internal/domain/subscription/domain.go:59.2,59.88 1 1
mikmongo/internal/domain/subscription/domain.go:63.60,64.57 1 1
mikmongo/internal/domain/subscription/domain.go:64.57,66.3 1 1
mikmongo/internal/domain/subscription/domain.go:67.2,67.88 1 1
mikmongo/internal/domain/subscription/domain.go:71.60,72.30 1 1
mikmongo/internal/domain/subscription/domain.go:72.30,74.3 1 1
mikmongo/internal/domain/subscription/domain.go:75.2,75.77 1 1
mikmongo/internal/domain/subscription/domain.go:79.62,80.32 1 1
mikmongo/internal/domain/subscription/domain.go:80.32,82.3 1 1
mikmongo/internal/domain/subscription/domain.go:83.2,83.12 1 1
mikmongo/internal/domain/subscription/domain.go:87.73,89.2 1 1
mikmongo/internal/domain/subscription/domain.go:92.58,94.2 1 0
mikmongo/internal/domain/subscription/domain.go:97.71,98.46 1 1
mikmongo/internal/domain/subscription/domain.go:98.46,100.3 1 1
mikmongo/internal/domain/subscription/domain.go:101.2,101.23 1 1
mikmongo/internal/domain/subscription/domain.go:101.23,103.3 1 1
mikmongo/internal/domain/subscription/domain.go:104.2,104.12 1 1
mikmongo/internal/domain/subscription/domain.go:108.63,109.17 1 1
mikmongo/internal/domain/subscription/domain.go:109.17,111.3 1 1
mikmongo/internal/domain/subscription/domain.go:112.2,114.24 3 1
mikmongo/internal/domain/subscription/domain.go:114.24,116.17 2 1
mikmongo/internal/domain/subscription/domain.go:116.17,118.4 1 0
mikmongo/internal/domain/subscription/domain.go:119.3,119.38 1 1
mikmongo/internal/domain/subscription/domain.go:121.2,121.28 1 1
mikmongo/internal/dto/bandwidth_profile.go:39.90,49.22 2 0
mikmongo/internal/dto/bandwidth_profile.go:49.22,51.3 1 0
mikmongo/internal/dto/bandwidth_profile.go:52.2,52.27 1 0
mikmongo/internal/dto/bandwidth_profile.go:52.27,54.3 1 0
mikmongo/internal/dto/bandwidth_profile.go:55.2,55.25 1 0
mikmongo/internal/dto/bandwidth_profile.go:55.25,57.3 1 0
mikmongo/internal/dto/bandwidth_profile.go:58.2,58.30 1 0
mikmongo/internal/dto/bandwidth_profile.go:58.30,60.3 1 0
mikmongo/internal/dto/bandwidth_profile.go:61.2,61.33 1 0
mikmongo/internal/dto/bandwidth_profile.go:61.33,63.3 1 0
mikmongo/internal/dto/bandwidth_profile.go:64.2,64.24 1 0
mikmongo/internal/dto/bandwidth_profile.go:64.24,66.3 1 0
mikmongo/internal/dto/bandwidth_profile.go:67.2,67.24 1 0
mikmongo/internal/dto/bandwidth_profile.go:67.24,69.3 1 0
mikmongo/internal/dto/bandwidth_profile.go:69.8,71.3 1 0
mikmongo/internal/dto/bandwidth_profile.go:72.2,72.10 1 0
mikmongo/internal/dto/bandwidth_profile.go:102.76,103.19 1 0
mikmongo/internal/dto/bandwidth_profile.go:103.19,105.3 1 0
mikmongo/internal/dto/bandwidth_profile.go:106.2,106.26 1 0
mikmongo/internal/dto/bandwidth_profile.go:106.26,108.3 1 0
mikmongo/internal/dto/bandwidth_profile.go:109.2,109.27 1 0
mikmongo/internal/dto/bandwidth_profile.go:109.27,111.3 1 0
mikmongo/internal/dto/bandwidth_profile.go:112.2,112.28 1 0
mikmongo/internal/dto/bandwidth_profile.go:112.28,114.3 1 0
mikmongo/internal/dto/bandwidth_profile.go:115.2,115.26 1 0
mikmongo/internal/dto/bandwidth_profile.go:115.26,117.3 1 0
mikmongo/internal/dto/bandwidth_profile.go:118.2,118.22 1 0
mikmongo/internal/dto/bandwidth_profile.go:118.22,120.3 1 0
mikmongo/internal/dto/bandwidth_profile.go:121.2,121.27 1 0
mikmongo/internal/dto/bandwidth_profile.go:121.27,123.3 1 0
mikmongo/internal/dto/bandwidth_profile.go:124.2,124.25 1 0
mikmongo/internal/dto/bandwidth_profile.go:124.25,126.3 1 0
mikmongo/internal/dto/bandwidth_profile.go:127.2,127.30 1 0
mikmongo/internal/dto/bandwidth_profile.go:127.30,129.3 1 0
mikmongo/internal/dto/bandwidth_profile.go:130.2,130.33 1 0
mikmongo/internal/dto/bandwidth_profile.go:130.33,132.3 1 0
mikmongo/internal/dto/bandwidth_profile.go:133.2,133.24 1 0
mikmongo/internal/dto/bandwidth_profile.go:133.24,135.3 1 0
mikmongo/internal/dto/bandwidth_profile.go:136.2,136.23 1 0
mikmongo/internal/dto/bandwidth_profile.go:136.23,138.3 1 0
mikmongo/internal/dto/bandwidth_profile.go:139.2,139.24 1 0
mikmongo/internal/dto/bandwidth_profile.go:139.24,141.3 1 0
mikmongo/internal/dto/bandwidth_profile.go:185.101,206.15 2 0
mikmongo/internal/dto/bandwidth_profile.go:206.15,217.3 1 0
mikmongo/internal/dto/bandwidth_profile.go:218.2,218.10 1 0
mikmongo/internal/dto/customer.go:28.67,37.2 1 0
mikmongo/internal/dto/customer.go:56.60,57.23 1 0
mikmongo/internal/dto/customer.go:57.23,59.3 1 0
mikmongo/internal/dto/customer.go:60.2,60.23 1 0
mikmongo/internal/dto/customer.go:60.23,62.3 1 0
mikmongo/internal/dto/customer.go:63.2,63.20 1 0
mikmongo/internal/dto/customer.go:63.20,65.3 1 0
mikmongo/internal/dto/customer.go:66.2,66.20 1 0
mikmongo/internal/dto/customer.go:66.20,68.3 1 0
mikmongo/internal/dto/customer.go:69.2,69.22 1 0
mikmongo/internal/dto/customer.go:69.22,71.3 1 0
mikmongo/internal/dto/customer.go:72.2,72.23 1 0
mikmongo/internal/dto/customer.go:72.23,74.3 1 0
mikmongo/internal/dto/customer.go:75.2,75.24 1 0
mikmongo/internal/dto/customer.go:75.24,77.3 1 0
mikmongo/internal/dto/customer.go:78.2,78.27 1 0
mikmongo/internal/dto/customer.go:78.27,80.3 1 0
mikmongo/internal/dto/customer.go:81.2,81.20 1 0
mikmongo/internal/dto/customer.go:81.20,83.3 1 0
mikmongo/internal/dto/customer.go:84.2,84.19 1 0
mikmongo/internal/dto/customer.go:84.19,86.3 1 0
mikmongo/internal/dto/customer.go:87.2,87.23 1 0
mikmongo/internal/dto/customer.go:87.23,89.3 1 0
mikmongo/internal/dto/customer.go:117.61,135.2 1 0
mikmongo/internal/dto/customer.go:138.66,140.20 2 0
mikmongo/internal/dto/customer.go:140.20,142.3 1 0
mikmongo/internal/dto/customer.go:143.2,143.15 1 0
mikmongo/internal/dto/invoice.go:45.58,74.2 1 0
mikmongo/internal/dto/invoice.go:77.63,79.20 2 0
mikmongo/internal/dto/invoice.go:79.20,81.3 1 0
mikmongo/internal/dto/invoice.go:82.2,82.15 1 0
mikmongo/internal/dto/payment.go:28.57,43.2 1 0
mikmongo/internal/dto/payment.go:93.58,123.2 1 0
mikmongo/internal/dto/payment.go:126.63,128.20 2 0
mikmongo/internal/dto/payment.go:128.20,130.3 1 0
mikmongo/internal/dto/payment.go:131.2,131.15 1 0
mikmongo/internal/dto/registration.go:24.75,35.2 1 0
mikmongo/internal/dto/registration.go:74.81,93.2 1 0
mikmongo/internal/dto/registration.go:96.86,98.20 2 0
mikmongo/internal/dto/registration.go:98.20,100.3 1 0
mikmongo/internal/dto/registration.go:101.2,101.15 1 0
mikmongo/internal/dto/router.go:26.63,34.22 2 0
mikmongo/internal/dto/router.go:34.22,36.3 1 0
mikmongo/internal/dto/router.go:37.2,37.23 1 0
mikmongo/internal/dto/router.go:37.23,39.3 1 0
mikmongo/internal/dto/router.go:40.2,40.21 1 0
mikmongo/internal/dto/router.go:40.21,42.3 1 0
mikmongo/internal/dto/router.go:43.2,43.23 1 0
mikmongo/internal/dto/router.go:43.23,45.3 1 0
mikmongo/internal/dto/router.go:46.2,46.10 1 0
mikmongo/internal/dto/router.go:66.64,67.19 1 0
mikmongo/internal/dto/router.go:67.19,69.3 1 0
mikmongo/internal/dto/router.go:70.2,70.22 1 0
mikmongo/internal/dto/router.go:70.22,72.3 1 0
mikmongo/internal/dto/router.go:73.2,73.19 1 0
mikmongo/internal/dto/router.go:73.19,75.3 1 0
mikmongo/internal/dto/router.go:76.2,76.22 1 0
mikmongo/internal/dto/router.go:76.22,78.3 1 0
mikmongo/internal/dto/router.go:79.2,79.23 1 0
mikmongo/internal/dto/router.go:79.23,81.3 1 0
mikmongo/internal/dto/router.go:82.2,82.23 1 0
mikmongo/internal/dto/router.go:82.23,84.3 1 0
mikmongo/internal/dto/router.go:85.2,85.21 1 0
mikmongo/internal/dto/router.go:85.21,87.3 1 0
mikmongo/internal/dto/router.go:88.2,88.23 1 0
mikmongo/internal/dto/router.go:88.23,90.3 1 0
mikmongo/internal/dto/router.go:91.2,91.23 1 0
mikmongo/internal/dto/router.go:91.23,93.3 1 0
mikmongo/internal/dto/router.go:94.2,94.20 1 0
mikmongo/internal/dto/router.go:94.20,96.3 1 0
mikmongo/internal/dto/router.go:124.63,142.2 1 0
mikmongo/internal/dto/router.go:145.68,147.20 2 0
mikmongo/internal/dto/router.go:147.20,149.3 1 0
mikmongo/internal/dto/router.go:150.2,150.15 1 0
mikmongo/internal/dto/subscription.go:34.82,46.23 2 0
mikmongo/internal/dto/subscription.go:46.23,48.3 1 0
mikmongo/internal/dto/subscription.go:49.2,49.26 1 0
mikmongo/internal/dto/subscription.go:49.26,51.3 1 0
mikmongo/internal/dto/subscription.go:51.8,53.3 1 0
mikmongo/internal/dto/subscription.go:54.2,54.30 1 0
mikmongo/internal/dto/subscription.go:54.30,56.3 1 0
mikmongo/internal/dto/subscription.go:57.2,57.10 1 0
mikmongo/internal/dto/subscription.go:80.68,81.21 1 0
mikmongo/internal/dto/subscription.go:81.21,83.3 1 0
mikmongo/internal/dto/subscription.go:84.2,84.23 1 0
mikmongo/internal/dto/subscription.go:84.23,86.3 1 0
mikmongo/internal/dto/subscription.go:87.2,87.23 1 0
mikmongo/internal/dto/subscription.go:87.23,89.3 1 0
mikmongo/internal/dto/subscription.go:90.2,90.22 1 0
mikmongo/internal/dto/subscription.go:90.22,92.3 1 0
mikmongo/internal/dto/subscription.go:93.2,93.25 1 0
mikmongo/internal/dto/subscription.go:93.25,95.3 1 0
mikmongo/internal/dto/subscription.go:96.2,96.26 1 0
mikmongo/internal/dto/subscription.go:96.26,98.3 1 0
mikmongo/internal/dto/subscription.go:99.2,99.30 1 0
mikmongo/internal/dto/subscription.go:99.30,101.3 1 0
mikmongo/internal/dto/subscription.go:102.2,102.20 1 0
mikmongo/internal/dto/subscription.go:102.20,104.3 1 0
mikmongo/internal/dto/subscription.go:149.97,169.15 2 0
mikmongo/internal/dto/subscription.go:169.15,180.3 1 0
mikmongo/internal/dto/subscription.go:181.2,181.10 1 0
mikmongo/internal/dto/user.go:21.51,28.2 1 0
mikmongo/internal/dto/user.go:41.52,42.23 1 0
mikmongo/internal/dto/user.go:42.23,44.3 1 0
mikmongo/internal/dto/user.go:45.2,45.20 1 0
mikmongo/internal/dto/user.go:45.20,47.3 1 0
mikmongo/internal/dto/user.go:48.2,48.20 1 0
mikmongo/internal/dto/user.go:48.20,50.3 1 0
mikmongo/internal/dto/user.go:51.2,51.19 1 0
mikmongo/internal/dto/user.go:51.19,53.3 1 0
mikmongo/internal/dto/user.go:54.2,54.23 1 0
mikmongo/internal/dto/user.go:54.23,56.3 1 0
mikmongo/internal/dto/user.go:78.49,90.2 1 0
mikmongo/internal/dto/user.go:93.54,95.20 2 0
mikmongo/internal/dto/user.go:95.20,97.3 1 0
mikmongo/internal/dto/user.go:98.2,98.15 1 0
mikmongo/internal/middleware/auth.go:19.92,24.2 1 0
mikmongo/internal/middleware/auth.go:27.57,28.30 1 0
mikmongo/internal/middleware/auth.go:28.30,30.23 2 0
mikmongo/internal/middleware/auth.go:30.23,34.4 3 0
mikmongo/internal/middleware/auth.go:36.3,37.63 2 0
mikmongo/internal/middleware/auth.go:37.63,41.4 3 0
mikmongo/internal/middleware/auth.go:43.3,45.17 3 0
mikmongo/internal/middleware/auth.go:45.17,49.4 3 0
mikmongo/internal/middleware/auth.go:52.3,52.36 1 0
mikmongo/internal/middleware/auth.go:52.36,56.4 3 0
mikmongo/internal/middleware/auth.go:59.3,59.22 1 0
mikmongo/internal/middleware/auth.go:59.22,61.33 2 0
mikmongo/internal/middleware/auth.go:61.33,65.5 3 0
mikmongo/internal/middleware/auth.go:69.3,69.29 1 0
mikmongo/internal/middleware/auth.go:69.29,71.85 2 0
mikmongo/internal/middleware/auth.go:71.85,75.5 3 0
mikmongo/internal/middleware/auth.go:78.3,81.11 4 0
mikmongo/internal/middleware/auth.go:86.69,87.30 1 0
mikmongo/internal/middleware/auth.go:87.30,89.14 2 0
mikmongo/internal/middleware/auth.go:89.14,93.4 3 0
mikmongo/internal/middleware/auth.go:95.3,95.30 1 0
mikmongo/internal/middleware/auth.go:95.30,96.24 1 0
mikmongo/internal/middleware/auth.go:96.24,99.5 2 0
mikmongo/internal/middleware/auth.go:102.3,103.12 2 0
mikmongo/internal/middleware/casbin_middleware.go:12.70,13.30 1 1
mikmongo/internal/middleware/casbin_middleware.go:13.30,15.14 2 1
mikmongo/internal/middleware/casbin_middleware.go:15.14,22.4 3 1
mikmongo/internal/middleware/casbin_middleware.go:23.3,28.29 5 1
mikmongo/internal/middleware/casbin_middleware.go:28.29,35.4 3 1
mikmongo/internal/middleware/casbin_middleware.go:36.3,36.11 1 1
mikmongo/internal/middleware/cors.go:11.42,20.2 1 0
mikmongo/internal/middleware/logger.go:16.64,18.2 1 0
mikmongo/internal/middleware/logger.go:21.56,22.30 1 0
mikmongo/internal/middleware/logger.go:22.30,40.3 6 0
mikmongo/internal/middleware/mikrotik_router.go:15.62,17.2 1 0
mikmongo/internal/middleware/mikrotik_router.go:20.71,21.30 1 0
mikmongo/internal/middleware/mikrotik_router.go:21.30,23.24 2 0
mikmongo/internal/middleware/mikrotik_router.go:23.24,27.4 3 0
mikmongo/internal/middleware/mikrotik_router.go:29.3,30.17 2 0
mikmongo/internal/middleware/mikrotik_router.go:30.17,34.4 3 0
mikmongo/internal/middleware/mikrotik_router.go:37.3,38.11 2 0
mikmongo/internal/middleware/portal_auth.go:17.77,19.2 1 0
mikmongo/internal/middleware/portal_auth.go:22.69,23.30 1 0
mikmongo/internal/middleware/portal_auth.go:23.30,25.23 2 0
mikmongo/internal/middleware/portal_auth.go:25.23,29.4 3 0
mikmongo/internal/middleware/portal_auth.go:31.3,32.63 2 0
mikmongo/internal/middleware/portal_auth.go:32.63,36.4 3 0
mikmongo/internal/middleware/portal_auth.go:38.3,39.17 2 0
mikmongo/internal/middleware/portal_auth.go:39.17,43.4 3 0
mikmongo/internal/middleware/portal_auth.go:46.3,46.30 1 0
mikmongo/internal/middleware/portal_auth.go:46.30,50.4 3 0
mikmongo/internal/middleware/portal_auth.go:52.3,53.11 2 0
mikmongo/internal/middleware/ratelimit.go:18.72,22.2 1 0
mikmongo/internal/middleware/ratelimit.go:25.86,26.30 1 0
mikmongo/internal/middleware/ratelimit.go:26.30,28.49 2 0
mikmongo/internal/middleware/ratelimit.go:28.49,30.4 1 0
mikmongo/internal/middleware/ratelimit.go:32.3,33.29 2 0
mikmongo/internal/middleware/ratelimit.go:33.29,37.4 3 0
mikmongo/internal/middleware/ratelimit.go:39.3,39.11 1 0
mikmongo/internal/middleware/ratelimit.go:44.90,45.30 1 0
mikmongo/internal/middleware/ratelimit.go:45.30,49.29 3 0
mikmongo/internal/middleware/ratelimit.go:49.29,53.4 3 0
mikmongo/internal/middleware/ratelimit.go:55.3,55.11 1 0
mikmongo/internal/middleware/registry.go:25.131,38.2 2 0
mikmongo/internal/handler/auth_handler.go:22.85,27.2 1 0
mikmongo/internal/handler/auth_handler.go:30.45,32.47 2 0
mikmongo/internal/handler/auth_handler.go:32.47,35.3 2 0
mikmongo/internal/handler/auth_handler.go:36.2,37.16 2 0
mikmongo/internal/handler/auth_handler.go:37.16,40.3 2 0
mikmongo/internal/handler/auth_handler.go:41.2,41.24 1 0
mikmongo/internal/handler/auth_handler.go:45.46,48.21 3 0
mikmongo/internal/handler/auth_handler.go:48.21,51.3 2 0
mikmongo/internal/handler/auth_handler.go:53.2,55.16 3 0
mikmongo/internal/handler/auth_handler.go:55.16,58.3 2 0
mikmongo/internal/handler/auth_handler.go:60.2,60.21 1 0
mikmongo/internal/handler/auth_handler.go:60.21,63.3 2 0
mikmongo/internal/handler/auth_handler.go:66.2,67.29 2 0
mikmongo/internal/handler/auth_handler.go:67.29,69.3 1 0
mikmongo/internal/handler/auth_handler.go:70.2,70.23 1 0
mikmongo/internal/handler/auth_handler.go:70.23,74.3 2 0
mikmongo/internal/handler/auth_handler.go:76.2,76.87 1 0
mikmongo/internal/handler/auth_handler.go:76.87,79.3 2 0
mikmongo/internal/handler/auth_handler.go:81.2,81.48 1 0
mikmongo/internal/handler/auth_handler.go:85.52,89.47 2 0
mikmongo/internal/handler/auth_handler.go:89.47,92.3 2 0
mikmongo/internal/handler/auth_handler.go:94.2,95.16 2 0
mikmongo/internal/handler/auth_handler.go:95.16,98.3 2 0
mikmongo/internal/handler/auth_handler.go:100.2,100.24 1 0
mikmongo/internal/handler/auth_handler.go:104.54,107.16 3 0
mikmongo/internal/handler/auth_handler.go:107.16,110.3 2 0
mikmongo/internal/handler/auth_handler.go:111.2,112.47 2 0
mikmongo/internal/handler/auth_handler.go:112.47,115.3 2 0
mikmongo/internal/handler/auth_handler.go:116.2,116.112 1 0
mikmongo/internal/handler/auth_handler.go:116.112,119.3 2 0
mikmongo/internal/handler/auth_handler.go:120.2,120.54 1 0
mikmongo/internal/handler/auth_handler.go:124.45,127.16 3 0
mikmongo/internal/handler/auth_handler.go:127.16,130.3 2 0
mikmongo/internal/handler/auth_handler.go:131.2,132.16 2 0
mikmongo/internal/handler/auth_handler.go:132.16,135.3 2 0
mikmongo/internal/handler/auth_handler.go:136.2,136.22 1 0
mikmongo/internal/handler/bandwidth_profile_handler.go:19.96,21.2 1 0
mikmongo/internal/handler/bandwidth_profile_handler.go:24.58,26.16 2 0
mikmongo/internal/handler/bandwidth_profile_handler.go:26.16,29.3 2 0
mikmongo/internal/handler/bandwidth_profile_handler.go:31.2,32.47 2 0
mikmongo/internal/handler/bandwidth_profile_handler.go:32.47,35.3 2 0
mikmongo/internal/handler/bandwidth_profile_handler.go:37.2,49.78 3 0
mikmongo/internal/handler/bandwidth_profile_handler.go:49.78,52.3 2 0
mikmongo/internal/handler/bandwidth_profile_handler.go:53.2,53.58 1 0
mikmongo/internal/handler/bandwidth_profile_handler.go:57.55,59.16 2 0
mikmongo/internal/handler/bandwidth_profile_handler.go:59.16,62.3 2 0
mikmongo/internal/handler/bandwidth_profile_handler.go:63.2,64.16 2 0
mikmongo/internal/handler/bandwidth_profile_handler.go:64.16,67.3 2 0
mikmongo/internal/handler/bandwidth_profile_handler.go:68.2,69.57 2 0
mikmongo/internal/handler/bandwidth_profile_handler.go:73.56,75.16 2 0
mikmongo/internal/handler/bandwidth_profile_handler.go:75.16,78.3 2 0
mikmongo/internal/handler/bandwidth_profile_handler.go:80.2,82.16 3 0
mikmongo/internal/handler/bandwidth_profile_handler.go:82.16,85.3 2 0
mikmongo/internal/handler/bandwidth_profile_handler.go:86.2,88.26 3 0
mikmongo/internal/handler/bandwidth_profile_handler.go:88.26,90.3 1 0
mikmongo/internal/handler/bandwidth_profile_handler.go:91.2,91.108 1 0
mikmongo/internal/handler/bandwidth_profile_handler.go:95.58,97.16 2 0
mikmongo/internal/handler/bandwidth_profile_handler.go:97.16,100.3 2 0
mikmongo/internal/handler/bandwidth_profile_handler.go:101.2,102.16 2 0
mikmongo/internal/handler/bandwidth_profile_handler.go:102.16,105.3 2 0
mikmongo/internal/handler/bandwidth_profile_handler.go:107.2,108.47 2 0
mikmongo/internal/handler/bandwidth_profile_handler.go:108.47,111.3 2 0
mikmongo/internal/handler/bandwidth_profile_handler.go:113.2,125.78 3 0
mikmongo/internal/handler/bandwidth_profile_handler.go:125.78,128.3 2 0
mikmongo/internal/handler/bandwidth_profile_handler.go:129.2,129.53 1 0
mikmongo/internal/handler/bandwidth_profile_handler.go:133.58,135.16 2 0
mikmongo/internal/handler/bandwidth_profile_handler.go:135.16,138.3 2 0
mikmongo/internal/handler/bandwidth_profile_handler.go:139.2,139.66 1 0
mikmongo/internal/handler/bandwidth_profile_handler.go:139.66,142.3 2 0
mikmongo/internal/handler/bandwidth_profile_handler.go:143.2,143.45 1 0
mikmongo/internal/handler/billing_handler.go:19.73,21.2 1 0
mikmongo/internal/handler/billing_handler.go:24.55,27.16 3 0
mikmongo/internal/handler/billing_handler.go:27.16,30.3 2 0
mikmongo/internal/handler/billing_handler.go:31.2,31.50 1 0
mikmongo/internal/handler/billing_handler.go:35.53,37.16 2 0
mikmongo/internal/handler/billing_handler.go:37.16,40.3 2 0
mikmongo/internal/handler/billing_handler.go:41.2,42.16 2 0
mikmongo/internal/handler/billing_handler.go:42.16,45.3 2 0
mikmongo/internal/handler/billing_handler.go:46.2,46.48 1 0
mikmongo/internal/handler/billing_handler.go:50.53,52.16 2 0
mikmongo/internal/handler/billing_handler.go:52.16,55.3 2 0
mikmongo/internal/handler/billing_handler.go:56.2,56.50 1 0
mikmongo/internal/handler/billing_handler.go:60.56,62.16 2 0
mikmongo/internal/handler/billing_handler.go:62.16,65.3 2 0
mikmongo/internal/handler/billing_handler.go:66.2,66.66 1 0
mikmongo/internal/handler/billing_handler.go:66.66,69.3 2 0
mikmongo/internal/handler/billing_handler.go:70.2,70.55 1 0
mikmongo/internal/handler/billing_handler.go:74.64,75.77 1 0
mikmongo/internal/handler/billing_handler.go:75.77,78.3 2 0
mikmongo/internal/handler/billing_handler.go:79.2,79.63 1 0
mikmongo/internal/handler/customer_handler.go:21.76,23.2 1 0
mikmongo/internal/handler/customer_handler.go:26.50,28.47 2 0
mikmongo/internal/handler/customer_handler.go:28.47,31.3 2 0
mikmongo/internal/handler/customer_handler.go:34.2,35.20 2 0
mikmongo/internal/handler/customer_handler.go:35.20,37.3 1 0
mikmongo/internal/handler/customer_handler.go:40.2,41.20 2 0
mikmongo/internal/handler/customer_handler.go:41.20,43.3 1 0
mikmongo/internal/handler/customer_handler.go:45.2,61.16 4 0
mikmongo/internal/handler/customer_handler.go:61.16,64.3 2 0
mikmongo/internal/handler/customer_handler.go:66.2,69.4 1 0
mikmongo/internal/handler/customer_handler.go:73.59,77.32 4 0
mikmongo/internal/handler/customer_handler.go:77.32,78.82 1 0
mikmongo/internal/handler/customer_handler.go:78.82,80.4 1 0
mikmongo/internal/handler/customer_handler.go:82.2,82.24 1 0
mikmongo/internal/handler/customer_handler.go:86.59,88.2 1 0
mikmongo/internal/handler/customer_handler.go:91.47,93.16 2 0
mikmongo/internal/handler/customer_handler.go:93.16,96.3 2 0
mikmongo/internal/handler/customer_handler.go:97.2,98.16 2 0
mikmongo/internal/handler/customer_handler.go:98.16,101.3 2 0
mikmongo/internal/handler/customer_handler.go:102.2,102.50 1 0
mikmongo/internal/handler/customer_handler.go:106.48,109.16 3 0
mikmongo/internal/handler/customer_handler.go:109.16,112.3 2 0
mikmongo/internal/handler/customer_handler.go:113.2,117.4 1 0
mikmongo/internal/handler/customer_handler.go:121.50,123.16 2 0
mikmongo/internal/handler/customer_handler.go:123.16,126.3 2 0
mikmongo/internal/handler/customer_handler.go:127.2,128.16 2 0
mikmongo/internal/handler/customer_handler.go:128.16,131.3 2 0
mikmongo/internal/handler/customer_handler.go:133.2,134.47 2 0
mikmongo/internal/handler/customer_handler.go:134.47,137.3 2 0
mikmongo/internal/handler/customer_handler.go:139.2,141.72 2 0
mikmongo/internal/handler/customer_handler.go:141.72,144.3 2 0
mikmongo/internal/handler/customer_handler.go:145.2,145.50 1 0
mikmongo/internal/handler/customer_handler.go:149.50,151.16 2 0
mikmongo/internal/handler/customer_handler.go:151.16,154.3 2 0
mikmongo/internal/handler/customer_handler.go:155.2,155.66 1 0
mikmongo/internal/handler/customer_handler.go:155.66,158.3 2 0
mikmongo/internal/handler/customer_handler.go:159.2,159.54 1 0
mikmongo/internal/handler/customer_handler.go:163.59,165.16 2 0
mikmongo/internal/handler/customer_handler.go:165.16,168.3 2 0
mikmongo/internal/handler/customer_handler.go:169.2,169.75 1 0
mikmongo/internal/handler/customer_handler.go:169.75,172.3 2 0
mikmongo/internal/handler/customer_handler.go:173.2,173.64 1 0
mikmongo/internal/handler/customer_handler.go:177.61,179.16 2 0
mikmongo/internal/handler/customer_handler.go:179.16,182.3 2 0
mikmongo/internal/handler/customer_handler.go:183.2,183.77 1 0
mikmongo/internal/handler/customer_handler.go:183.77,186.3 2 0
mikmongo/internal/handler/customer_handler.go:187.2,187.66 1 0
mikmongo/internal/handler/customer_portal_handler.go:34.26,43.2 1 0
mikmongo/internal/handler/customer_portal_handler.go:46.78,48.2 1 0
mikmongo/internal/handler/customer_portal_handler.go:51.55,56.47 2 0
mikmongo/internal/handler/customer_portal_handler.go:56.47,59.3 2 0
mikmongo/internal/handler/customer_portal_handler.go:60.2,61.16 2 0
mikmongo/internal/handler/customer_portal_handler.go:61.16,64.3 2 0
mikmongo/internal/handler/customer_portal_handler.go:65.2,66.16 2 0
mikmongo/internal/handler/customer_portal_handler.go:66.16,69.3 2 0
mikmongo/internal/handler/customer_portal_handler.go:70.2,71.61 2 0
mikmongo/internal/handler/customer_portal_handler.go:75.60,79.16 4 0
mikmongo/internal/handler/customer_portal_handler.go:79.16,82.3 2 0
mikmongo/internal/handler/customer_portal_handler.go:83.2,84.26 2 0
mikmongo/internal/handler/customer_portal_handler.go:88.70,94.47 4 0
mikmongo/internal/handler/customer_portal_handler.go:94.47,97.3 2 0
mikmongo/internal/handler/customer_portal_handler.go:98.2,98.95 1 0
mikmongo/internal/handler/customer_portal_handler.go:98.95,101.3 2 0
mikmongo/internal/handler/customer_portal_handler.go:102.2,102.54 1 0
mikmongo/internal/handler/customer_portal_handler.go:106.66,110.16 4 0
mikmongo/internal/handler/customer_portal_handler.go:110.16,113.3 2 0
mikmongo/internal/handler/customer_portal_handler.go:114.2,114.22 1 0
mikmongo/internal/handler/customer_portal_handler.go:118.61,122.16 4 0
mikmongo/internal/handler/customer_portal_handler.go:122.16,125.3 2 0
mikmongo/internal/handler/customer_portal_handler.go:126.2,126.26 1 0
mikmongo/internal/handler/customer_portal_handler.go:130.60,132.16 2 0
mikmongo/internal/handler/customer_portal_handler.go:132.16,135.3 2 0
mikmongo/internal/handler/customer_portal_handler.go:136.2,137.16 2 0
mikmongo/internal/handler/customer_portal_handler.go:137.16,140.3 2 0
mikmongo/internal/handler/customer_portal_handler.go:141.2,142.38 2 0
mikmongo/internal/handler/customer_portal_handler.go:142.38,145.3 2 0
mikmongo/internal/handler/customer_portal_handler.go:146.2,146.25 1 0
mikmongo/internal/handler/customer_portal_handler.go:150.63,157.47 3 0
mikmongo/internal/handler/customer_portal_handler.go:157.47,160.3 2 0
mikmongo/internal/handler/customer_portal_handler.go:161.2,168.74 2 0
mikmongo/internal/handler/customer_portal_handler.go:168.74,171.3 2 0
mikmongo/internal/handler/customer_portal_handler.go:172.2,172.30 1 0
mikmongo/internal/handler/customer_portal_handler.go:176.61,180.16 4 0
mikmongo/internal/handler/customer_portal_handler.go:180.16,183.3 2 0
mikmongo/internal/handler/customer_portal_handler.go:184.2,184.26 1 0
mikmongo/internal/handler/customer_portal_handler.go:189.60,191.16 2 0
mikmongo/internal/handler/customer_portal_handler.go:191.16,194.3 2 0
mikmongo/internal/handler/customer_portal_handler.go:195.2,196.16 2 0
mikmongo/internal/handler/customer_portal_handler.go:196.16,199.3 2 0
mikmongo/internal/handler/customer_portal_handler.go:200.2,201.38 2 0
mikmongo/internal/handler/customer_portal_handler.go:201.38,204.3 2 0
mikmongo/internal/handler/customer_portal_handler.go:205.2,205.25 1 0
mikmongo/internal/handler/customer_portal_handler.go:210.64,212.16 2 0
mikmongo/internal/handler/customer_portal_handler.go:212.16,215.3 2 0
mikmongo/internal/handler/customer_portal_handler.go:216.2,219.16 3 0
mikmongo/internal/handler/customer_portal_handler.go:219.16,222.3 2 0
mikmongo/internal/handler/customer_portal_handler.go:223.2,223.38 1 0
mikmongo/internal/handler/customer_portal_handler.go:223.38,226.3 2 0
mikmongo/internal/handler/customer_portal_handler.go:227.2,227.33 1 0
mikmongo/internal/handler/customer_portal_handler.go:227.33,230.3 2 0
mikmongo/internal/handler/customer_portal_handler.go:232.2,232.74 1 0
mikmongo/internal/handler/customer_portal_handler.go:232.74,238.3 2 0
mikmongo/internal/handler/customer_portal_handler.go:240.2,242.9 3 0
mikmongo/internal/handler/customer_portal_handler.go:242.9,245.3 2 0
mikmongo/internal/handler/customer_portal_handler.go:248.2,253.35 2 0
mikmongo/internal/handler/customer_portal_handler.go:253.35,255.3 1 0
mikmongo/internal/handler/customer_portal_handler.go:256.2,259.16 3 0
mikmongo/internal/handler/customer_portal_handler.go:259.16,263.3 3 0
mikmongo/internal/handler/customer_portal_handler.go:265.2,265.150 1 0
mikmongo/internal/handler/customer_portal_handler.go:265.150,269.3 3 0
mikmongo/internal/handler/customer_portal_handler.go:271.2,275.4 1 0
mikmongo/internal/handler/helpers.go:10.47,13.36 3 0
mikmongo/internal/handler/helpers.go:13.36,14.53 1 0
mikmongo/internal/handler/helpers.go:14.53,16.4 1 0
mikmongo/internal/handler/helpers.go:18.2,18.37 1 0
mikmongo/internal/handler/helpers.go:18.37,19.54 1 0
mikmongo/internal/handler/helpers.go:19.54,21.4 1 0
mikmongo/internal/handler/helpers.go:23.2,23.22 1 0
mikmongo/internal/handler/payment_handler.go:22.69,24.2 1 0
mikmongo/internal/handler/payment_handler.go:27.71,29.2 1 0
mikmongo/internal/handler/payment_handler.go:32.47,35.16 3 0
mikmongo/internal/handler/payment_handler.go:35.16,38.3 2 0
mikmongo/internal/handler/payment_handler.go:39.2,39.50 1 0
mikmongo/internal/handler/payment_handler.go:43.49,45.47 2 0
mikmongo/internal/handler/payment_handler.go:45.47,48.3 2 0
mikmongo/internal/handler/payment_handler.go:49.2,50.71 2 0
mikmongo/internal/handler/payment_handler.go:50.71,53.3 2 0
mikmongo/internal/handler/payment_handler.go:54.2,54.53 1 0
mikmongo/internal/handler/payment_handler.go:58.46,60.16 2 0
mikmongo/internal/handler/payment_handler.go:60.16,63.3 2 0
mikmongo/internal/handler/payment_handler.go:64.2,65.16 2 0
mikmongo/internal/handler/payment_handler.go:65.16,68.3 2 0
mikmongo/internal/handler/payment_handler.go:69.2,69.48 1 0
mikmongo/internal/handler/payment_handler.go:73.50,75.16 2 0
mikmongo/internal/handler/payment_handler.go:75.16,78.3 2 0
mikmongo/internal/handler/payment_handler.go:79.2,81.19 3 0
mikmongo/internal/handler/payment_handler.go:81.19,83.3 1 0
mikmongo/internal/handler/payment_handler.go:84.2,84.80 1 0
mikmongo/internal/handler/payment_handler.go:84.80,87.3 2 0
mikmongo/internal/handler/payment_handler.go:88.2,88.55 1 0
mikmongo/internal/handler/payment_handler.go:92.49,94.16 2 0
mikmongo/internal/handler/payment_handler.go:94.16,97.3 2 0
mikmongo/internal/handler/payment_handler.go:98.2,99.47 2 0
mikmongo/internal/handler/payment_handler.go:99.47,102.3 2 0
mikmongo/internal/handler/payment_handler.go:103.2,103.78 1 0
mikmongo/internal/handler/payment_handler.go:103.78,106.3 2 0
mikmongo/internal/handler/payment_handler.go:107.2,107.54 1 0
mikmongo/internal/handler/payment_handler.go:111.49,113.16 2 0
mikmongo/internal/handler/payment_handler.go:113.16,116.3 2 0
mikmongo/internal/handler/payment_handler.go:117.2,118.47 2 0
mikmongo/internal/handler/payment_handler.go:118.47,121.3 2 0
mikmongo/internal/handler/payment_handler.go:122.2,122.90 1 0
mikmongo/internal/handler/payment_handler.go:122.90,125.3 2 0
mikmongo/internal/handler/payment_handler.go:126.2,126.54 1 0
mikmongo/internal/handler/payment_handler.go:131.58,133.16 2 0
mikmongo/internal/handler/payment_handler.go:133.16,136.3 2 0
mikmongo/internal/handler/payment_handler.go:138.2,139.23 2 0
mikmongo/internal/handler/payment_handler.go:139.23,142.3 2 0
mikmongo/internal/handler/payment_handler.go:144.2,145.9 2 0
mikmongo/internal/handler/payment_handler.go:145.9,148.3 2 0
mikmongo/internal/handler/payment_handler.go:150.2,151.16 2 0
mikmongo/internal/handler/payment_handler.go:151.16,154.3 2 0
mikmongo/internal/handler/payment_handler.go:157.2,157.50 1 0
mikmongo/internal/handler/payment_handler.go:157.50,160.3 2 0
mikmongo/internal/handler/payment_handler.go:163.2,164.35 2 0
mikmongo/internal/handler/payment_handler.go:164.35,166.3 1 0
mikmongo/internal/handler/payment_handler.go:167.2,176.16 3 0
mikmongo/internal/handler/payment_handler.go:176.16,180.3 3 0
mikmongo/internal/handler/payment_handler.go:182.2,185.16 1 0
mikmongo/internal/handler/payment_handler.go:185.16,188.3 2 0
mikmongo/internal/handler/payment_handler.go:190.2,194.4 1 0
mikmongo/internal/handler/registration_handler.go:19.84,21.2 1 0
mikmongo/internal/handler/registration_handler.go:24.54,26.47 2 0
mikmongo/internal/handler/registration_handler.go:26.47,29.3 2 0
mikmongo/internal/handler/registration_handler.go:30.2,31.67 2 0
mikmongo/internal/handler/registration_handler.go:31.67,34.3 2 0
mikmongo/internal/handler/registration_handler.go:35.2,35.54 1 0
mikmongo/internal/handler/registration_handler.go:39.51,41.16 2 0
mikmongo/internal/handler/registration_handler.go:41.16,44.3 2 0
mikmongo/internal/handler/registration_handler.go:45.2,46.16 2 0
mikmongo/internal/handler/registration_handler.go:46.16,49.3 2 0
mikmongo/internal/handler/registration_handler.go:50.2,50.49 1 0
mikmongo/internal/handler/registration_handler.go:54.52,57.16 3 0
mikmongo/internal/handler/registration_handler.go:57.16,60.3 2 0
mikmongo/internal/handler/registration_handler.go:61.2,61.132 1 0
mikmongo/internal/handler/registration_handler.go:65.55,67.16 2 0
mikmongo/internal/handler/registration_handler.go:67.16,70.3 2 0
mikmongo/internal/handler/registration_handler.go:71.2,72.47 2 0
mikmongo/internal/handler/registration_handler.go:72.47,75.3 2 0
mikmongo/internal/handler/registration_handler.go:76.2,78.111 3 0
mikmongo/internal/handler/registration_handler.go:78.111,81.3 2 0
mikmongo/internal/handler/registration_handler.go:82.2,82.46 1 0
mikmongo/internal/handler/registration_handler.go:86.54,88.16 2 0
mikmongo/internal/handler/registration_handler.go:88.16,91.3 2 0
mikmongo/internal/handler/registration_handler.go:92.2,93.47 2 0
mikmongo/internal/handler/registration_handler.go:93.47,96.3 2 0
mikmongo/internal/handler/registration_handler.go:97.2,99.93 3 0
mikmongo/internal/handler/registration_handler.go:99.93,102.3 2 0
mikmongo/internal/handler/registration_handler.go:103.2,103.46 1 0
mikmongo/internal/handler/registry.go:28.129,44.2 1 0
mikmongo/internal/handler/report_handler.go:19.70,21.2 1 0
mikmongo/internal/handler/report_handler.go:24.52,26.16 2 0
mikmongo/internal/handler/report_handler.go:26.16,29.3 2 0
mikmongo/internal/handler/report_handler.go:30.2,31.16 2 0
mikmongo/internal/handler/report_handler.go:31.16,34.3 2 0
mikmongo/internal/handler/report_handler.go:36.2,39.16 3 0
mikmongo/internal/handler/report_handler.go:39.16,42.3 2 0
mikmongo/internal/handler/report_handler.go:43.2,43.25 1 0
mikmongo/internal/handler/report_handler.go:47.58,49.2 1 0
mikmongo/internal/handler/report_handler.go:51.63,55.47 3 0
mikmongo/internal/handler/report_handler.go:55.47,57.17 2 0
mikmongo/internal/handler/report_handler.go:57.17,60.4 2 0
mikmongo/internal/handler/report_handler.go:62.2,62.41 1 0
mikmongo/internal/handler/report_handler.go:62.41,64.17 2 0
mikmongo/internal/handler/report_handler.go:64.17,67.4 2 0
mikmongo/internal/handler/report_handler.go:68.3,68.42 1 0
mikmongo/internal/handler/report_handler.go:71.2,73.31 3 0
mikmongo/internal/handler/report_handler.go:73.31,75.3 1 0
mikmongo/internal/handler/report_handler.go:76.2,76.16 1 0
mikmongo/internal/handler/report_handler.go:76.16,78.3 1 0
mikmongo/internal/handler/report_handler.go:80.2,81.16 2 0
mikmongo/internal/handler/report_handler.go:81.16,84.3 2 0
mikmongo/internal/handler/report_handler.go:86.2,90.4 1 0
mikmongo/internal/handler/router_handler.go:19.70,21.2 1 0
mikmongo/internal/handler/router_handler.go:24.46,27.16 3 0
mikmongo/internal/handler/router_handler.go:27.16,30.3 2 0
mikmongo/internal/handler/router_handler.go:31.2,31.48 1 0
mikmongo/internal/handler/router_handler.go:35.48,37.47 2 0
mikmongo/internal/handler/router_handler.go:37.47,40.3 2 0
mikmongo/internal/handler/router_handler.go:41.2,42.84 2 0
mikmongo/internal/handler/router_handler.go:42.84,45.3 2 0
mikmongo/internal/handler/router_handler.go:46.2,46.51 1 0
mikmongo/internal/handler/router_handler.go:50.51,52.16 2 0
mikmongo/internal/handler/router_handler.go:52.16,55.3 2 0
mikmongo/internal/handler/router_handler.go:56.2,57.16 2 0
mikmongo/internal/handler/router_handler.go:57.16,60.3 2 0
mikmongo/internal/handler/router_handler.go:61.2,61.46 1 0
mikmongo/internal/handler/router_handler.go:65.48,67.16 2 0
mikmongo/internal/handler/router_handler.go:67.16,70.3 2 0
mikmongo/internal/handler/router_handler.go:71.2,72.16 2 0
mikmongo/internal/handler/router_handler.go:72.16,75.3 2 0
mikmongo/internal/handler/router_handler.go:77.2,78.47 2 0
mikmongo/internal/handler/router_handler.go:78.47,81.3 2 0
mikmongo/internal/handler/router_handler.go:83.2,86.25 3 0
mikmongo/internal/handler/router_handler.go:86.25,88.3 1 0
mikmongo/internal/handler/router_handler.go:90.2,90.80 1 0
mikmongo/internal/handler/router_handler.go:90.80,93.3 2 0
mikmongo/internal/handler/router_handler.go:94.2,94.46 1 0
mikmongo/internal/handler/router_handler.go:98.48,100.16 2 0
mikmongo/internal/handler/router_handler.go:100.16,103.3 2 0
mikmongo/internal/handler/router_handler.go:104.2,104.66 1 0
mikmongo/internal/handler/router_handler.go:104.66,107.3 2 0
mikmongo/internal/handler/router_handler.go:108.2,108.52 1 0
mikmongo/internal/handler/router_handler.go:112.52,114.16 2 0
mikmongo/internal/handler/router_handler.go:114.16,117.3 2 0
mikmongo/internal/handler/router_handler.go:118.2,118.70 1 0
mikmongo/internal/handler/router_handler.go:118.70,121.3 2 0
mikmongo/internal/handler/router_handler.go:122.2,122.51 1 0
mikmongo/internal/handler/router_handler.go:126.56,128.16 2 0
mikmongo/internal/handler/router_handler.go:128.16,131.3 2 0
mikmongo/internal/handler/router_handler.go:132.2,132.74 1 0
mikmongo/internal/handler/router_handler.go:132.74,135.3 2 0
mikmongo/internal/handler/router_handler.go:136.2,136.59 1 0
mikmongo/internal/handler/router_handler.go:140.49,141.70 1 0
mikmongo/internal/handler/router_handler.go:141.70,144.3 2 0
mikmongo/internal/handler/router_handler.go:145.2,145.56 1 0
mikmongo/internal/handler/router_handler.go:149.54,152.16 3 0
mikmongo/internal/handler/router_handler.go:152.16,155.3 2 0
mikmongo/internal/handler/router_handler.go:157.2,158.16 2 0
mikmongo/internal/handler/router_handler.go:158.16,161.3 2 0
mikmongo/internal/handler/router_handler.go:163.2,163.46 1 0
mikmongo/internal/handler/router_handler.go:167.59,171.16 3 0
mikmongo/internal/handler/router_handler.go:171.16,174.3 2 0
mikmongo/internal/handler/router_handler.go:176.2,176.19 1 0
mikmongo/internal/handler/router_handler.go:176.19,179.3 2 0
mikmongo/internal/handler/router_handler.go:181.2,181.46 1 0
mikmongo/internal/handler/subscription_handler.go:19.84,21.2 1 0
mikmongo/internal/handler/subscription_handler.go:24.54,26.16 2 0
mikmongo/internal/handler/subscription_handler.go:26.16,29.3 2 0
mikmongo/internal/handler/subscription_handler.go:31.2,32.47 2 0
mikmongo/internal/handler/subscription_handler.go:32.47,35.3 2 0
mikmongo/internal/handler/subscription_handler.go:37.2,47.74 3 0
mikmongo/internal/handler/subscription_handler.go:47.74,50.3 2 0
mikmongo/internal/handler/subscription_handler.go:51.2,51.59 1 0
mikmongo/internal/handler/subscription_handler.go:55.51,57.16 2 0
mikmongo/internal/handler/subscription_handler.go:57.16,60.3 2 0
mikmongo/internal/handler/subscription_handler.go:61.2,62.16 2 0
mikmongo/internal/handler/subscription_handler.go:62.16,65.3 2 0
mikmongo/internal/handler/subscription_handler.go:66.2,67.61 2 0
mikmongo/internal/handler/subscription_handler.go:71.52,73.16 2 0
mikmongo/internal/handler/subscription_handler.go:73.16,76.3 2 0
mikmongo/internal/handler/subscription_handler.go:78.2,80.16 3 0
mikmongo/internal/handler/subscription_handler.go:80.16,83.3 2 0
mikmongo/internal/handler/subscription_handler.go:84.2,86.22 3 0
mikmongo/internal/handler/subscription_handler.go:86.22,88.3 1 0
mikmongo/internal/handler/subscription_handler.go:89.2,89.108 1 0
mikmongo/internal/handler/subscription_handler.go:93.54,95.16 2 0
mikmongo/internal/handler/subscription_handler.go:95.16,98.3 2 0
mikmongo/internal/handler/subscription_handler.go:99.2,100.16 2 0
mikmongo/internal/handler/subscription_handler.go:100.16,103.3 2 0
mikmongo/internal/handler/subscription_handler.go:105.2,106.47 2 0
mikmongo/internal/handler/subscription_handler.go:106.47,109.3 2 0
mikmongo/internal/handler/subscription_handler.go:111.2,121.74 3 0
mikmongo/internal/handler/subscription_handler.go:121.74,124.3 2 0
mikmongo/internal/handler/subscription_handler.go:125.2,125.54 1 0
mikmongo/internal/handler/subscription_handler.go:129.54,131.16 2 0
mikmongo/internal/handler/subscription_handler.go:131.16,134.3 2 0
mikmongo/internal/handler/subscription_handler.go:135.2,135.66 1 0
mikmongo/internal/handler/subscription_handler.go:135.66,138.3 2 0
mikmongo/internal/handler/subscription_handler.go:139.2,139.45 1 0
mikmongo/internal/handler/subscription_handler.go:143.56,145.16 2 0
mikmongo/internal/handler/subscription_handler.go:145.16,148.3 2 0
mikmongo/internal/handler/subscription_handler.go:149.2,149.68 1 0
mikmongo/internal/handler/subscription_handler.go:149.68,152.3 2 0
mikmongo/internal/handler/subscription_handler.go:153.2,153.47 1 0
mikmongo/internal/handler/subscription_handler.go:157.55,159.16 2 0
mikmongo/internal/handler/subscription_handler.go:159.16,162.3 2 0
mikmongo/internal/handler/subscription_handler.go:163.2,167.79 3 0
mikmongo/internal/handler/subscription_handler.go:167.79,170.3 2 0
mikmongo/internal/handler/subscription_handler.go:171.2,171.46 1 0
mikmongo/internal/handler/subscription_handler.go:175.55,177.16 2 0
mikmongo/internal/handler/subscription_handler.go:177.16,180.3 2 0
mikmongo/internal/handler/subscription_handler.go:181.2,181.67 1 0
mikmongo/internal/handler/subscription_handler.go:181.67,184.3 2 0
mikmongo/internal/handler/subscription_handler.go:185.2,185.46 1 0
mikmongo/internal/handler/subscription_handler.go:189.55,191.16 2 0
mikmongo/internal/handler/subscription_handler.go:191.16,194.3 2 0
mikmongo/internal/handler/subscription_handler.go:195.2,199.79 3 0
mikmongo/internal/handler/subscription_handler.go:199.79,202.3 2 0
mikmongo/internal/handler/subscription_handler.go:203.2,203.47 1 0
mikmongo/internal/handler/subscription_handler.go:207.57,209.16 2 0
mikmongo/internal/handler/subscription_handler.go:209.16,212.3 2 0
mikmongo/internal/handler/subscription_handler.go:213.2,213.69 1 0
mikmongo/internal/handler/subscription_handler.go:213.69,216.3 2 0
mikmongo/internal/handler/subscription_handler.go:217.2,217.48 1 0
mikmongo/internal/handler/system_setting_handler.go:17.93,19.2 1 0
mikmongo/internal/handler/system_setting_handler.go:22.53,26.17 4 0
mikmongo/internal/handler/system_setting_handler.go:26.17,28.3 1 0
mikmongo/internal/handler/system_setting_handler.go:28.8,30.3 1 0
mikmongo/internal/handler/system_setting_handler.go:31.2,31.16 1 0
mikmongo/internal/handler/system_setting_handler.go:31.16,34.3 2 0
mikmongo/internal/handler/system_setting_handler.go:35.2,35.26 1 0
mikmongo/internal/handler/system_setting_handler.go:39.52,41.16 2 0
mikmongo/internal/handler/system_setting_handler.go:41.16,44.3 2 0
mikmongo/internal/handler/system_setting_handler.go:45.2,46.16 2 0
mikmongo/internal/handler/system_setting_handler.go:46.16,49.3 2 0
mikmongo/internal/handler/system_setting_handler.go:50.2,50.25 1 0
mikmongo/internal/handler/system_setting_handler.go:54.55,56.51 2 0
mikmongo/internal/handler/system_setting_handler.go:56.51,59.3 2 0
mikmongo/internal/handler/system_setting_handler.go:60.2,60.69 1 0
mikmongo/internal/handler/system_setting_handler.go:60.69,63.3 2 0
mikmongo/internal/handler/system_setting_handler.go:64.2,64.25 1 0
mikmongo/internal/handler/user_handler.go:19.60,21.2 1 0
mikmongo/internal/handler/user_handler.go:24.46,26.47 2 0
mikmongo/internal/handler/user_handler.go:26.47,29.3 2 0
mikmongo/internal/handler/user_handler.go:30.2,31.86 2 0
mikmongo/internal/handler/user_handler.go:31.86,34.3 2 0
mikmongo/internal/handler/user_handler.go:35.2,35.47 1 0
mikmongo/internal/handler/user_handler.go:39.43,41.16 2 0
mikmongo/internal/handler/user_handler.go:41.16,44.3 2 0
mikmongo/internal/handler/user_handler.go:45.2,46.16 2 0
mikmongo/internal/handler/user_handler.go:46.16,49.3 2 0
mikmongo/internal/handler/user_handler.go:50.2,50.42 1 0
mikmongo/internal/handler/user_handler.go:54.44,57.16 3 0
mikmongo/internal/handler/user_handler.go:57.16,60.3 2 0
mikmongo/internal/handler/user_handler.go:61.2,61.125 1 0
mikmongo/internal/handler/user_handler.go:65.46,67.16 2 0
mikmongo/internal/handler/user_handler.go:67.16,70.3 2 0
mikmongo/internal/handler/user_handler.go:71.2,71.70 1 0
mikmongo/internal/handler/user_handler.go:71.70,74.3 2 0
mikmongo/internal/handler/user_handler.go:75.2,75.45 1 0
mikmongo/internal/handler/webhook_handler.go:19.80,21.2 1 0
mikmongo/internal/handler/webhook_handler.go:24.64,26.2 1 0
mikmongo/internal/handler/webhook_handler.go:29.58,35.51 2 0
mikmongo/internal/handler/webhook_handler.go:35.51,38.3 2 0
mikmongo/internal/handler/webhook_handler.go:40.2,41.35 2 0
mikmongo/internal/handler/webhook_handler.go:42.31,43.23 1 0
mikmongo/internal/handler/webhook_handler.go:44.34,45.22 1 0
mikmongo/internal/handler/webhook_handler.go:46.10,47.21 1 0
mikmongo/internal/handler/webhook_handler.go:50.2,50.107 1 0
mikmongo/internal/handler/webhook_handler.go:50.107,53.3 2 0
mikmongo/internal/handler/webhook_handler.go:55.2,55.75 1 0
mikmongo/internal/handler/webhook_handler.go:60.56,61.29 1 0
mikmongo/internal/handler/webhook_handler.go:61.29,64.3 2 0
mikmongo/internal/handler/webhook_handler.go:66.2,67.16 2 0
mikmongo/internal/handler/webhook_handler.go:67.16,70.3 2 0
mikmongo/internal/handler/webhook_handler.go:72.2,72.90 1 0
mikmongo/internal/handler/webhook_handler.go:72.90,75.3 2 0
mikmongo/internal/handler/webhook_handler.go:77.2,77.75 1 0
mikmongo/internal/notification/email_client.go:22.79,30.2 1 0
mikmongo/internal/notification/email_client.go:33.86,34.18 1 0
mikmongo/internal/notification/email_client.go:34.18,36.3 1 0
mikmongo/internal/notification/email_client.go:38.2,43.22 4 0
mikmongo/internal/notification/email_client.go:43.22,45.3 1 0
mikmongo/internal/notification/email_client.go:48.2,48.21 1 0
mikmongo/internal/notification/email_client.go:48.21,50.3 1 0
mikmongo/internal/notification/email_client.go:51.2,51.69 1 0
mikmongo/internal/notification/email_client.go:54.82,57.16 3 0
mikmongo/internal/notification/email_client.go:57.16,59.3 1 0
mikmongo/internal/notification/email_client.go:60.2,61.16 2 0
mikmongo/internal/notification/email_client.go:61.16,63.3 1 0
mikmongo/internal/notification/email_client.go:64.2,66.17 2 0
mikmongo/internal/notification/email_client.go:66.17,67.43 1 0
mikmongo/internal/notification/email_client.go:67.43,69.4 1 0
mikmongo/internal/notification/email_client.go:71.2,71.44 1 0
mikmongo/internal/notification/email_client.go:71.44,73.3 1 0
mikmongo/internal/notification/email_client.go:74.2,74.40 1 0
mikmongo/internal/notification/email_client.go:74.40,76.3 1 0
mikmongo/internal/notification/email_client.go:77.2,78.16 2 0
mikmongo/internal/notification/email_client.go:78.16,80.3 1 0
mikmongo/internal/notification/email_client.go:81.2,83.12 3 0
mikmongo/internal/notification/email_client.go:86.62,96.2 9 0
mikmongo/internal/notification/gowa_client.go:23.65,30.2 1 0
mikmongo/internal/notification/gowa_client.go:43.84,44.21 1 0
mikmongo/internal/notification/gowa_client.go:44.21,46.3 1 0
mikmongo/internal/notification/gowa_client.go:49.2,51.35 3 0
mikmongo/internal/notification/gowa_client.go:51.35,53.3 1 0
mikmongo/internal/notification/gowa_client.go:55.2,57.16 3 0
mikmongo/internal/notification/gowa_client.go:57.16,59.3 1 0
mikmongo/internal/notification/gowa_client.go:61.2,63.16 3 0
mikmongo/internal/notification/gowa_client.go:63.16,65.3 1 0
mikmongo/internal/notification/gowa_client.go:66.2,67.21 2 0
mikmongo/internal/notification/gowa_client.go:67.21,69.3 1 0
mikmongo/internal/notification/gowa_client.go:71.2,72.16 2 0
mikmongo/internal/notification/gowa_client.go:72.16,74.3 1 0
mikmongo/internal/notification/gowa_client.go:75.2,78.28 3 0
mikmongo/internal/notification/gowa_client.go:78.28,80.3 1 0
mikmongo/internal/notification/gowa_client.go:82.2,83.80 2 0
mikmongo/internal/notification/gowa_client.go:83.80,85.3 1 0
mikmongo/internal/notification/gowa_client.go:87.2,87.12 1 0
mikmongo/internal/migration/001_create_admin_users.go:10.13,12.2 1 0
mikmongo/internal/migration/001_create_admin_users.go:15.51,46.2 2 0
mikmongo/internal/migration/001_create_admin_users.go:48.53,51.2 2 0
mikmongo/internal/migration/002_create_customers.go:10.13,12.2 1 0
mikmongo/internal/migration/002_create_customers.go:15.51,66.2 2 0
mikmongo/internal/migration/002_create_customers.go:68.53,71.2 2 0
mikmongo/internal/migration/003_create_casbin_rules.go:10.13,12.2 1 0
mikmongo/internal/migration/003_create_casbin_rules.go:15.51,35.2 2 0
mikmongo/internal/migration/003_create_casbin_rules.go:37.53,40.2 2 0
mikmongo/internal/migration/004_create_mikrotik_routers.go:10.13,12.2 1 0
mikmongo/internal/migration/004_create_mikrotik_routers.go:15.51,52.2 2 0
mikmongo/internal/migration/004_create_mikrotik_routers.go:54.53,57.2 2 0
mikmongo/internal/migration/005_create_bandwidth_profiles.go:10.13,12.2 1 0
mikmongo/internal/migration/005_create_bandwidth_profiles.go:15.51,78.2 2 0
mikmongo/internal/migration/005_create_bandwidth_profiles.go:80.53,83.2 2 0
mikmongo/internal/migration/006_create_subscriptions.go:10.13,12.2 1 0
mikmongo/internal/migration/006_create_subscriptions.go:15.51,84.2 2 0
mikmongo/internal/migration/006_create_subscriptions.go:86.53,89.2 2 0
mikmongo/internal/migration/007_create_customer_registrations.go:10.13,12.2 1 0
mikmongo/internal/migration/007_create_customer_registrations.go:15.51,48.2 2 0
mikmongo/internal/migration/007_create_customer_registrations.go:50.53,53.2 2 0
mikmongo/internal/migration/008_create_invoices.go:10.13,12.2 1 0
mikmongo/internal/migration/008_create_invoices.go:15.51,86.2 2 0
mikmongo/internal/migration/008_create_invoices.go:88.53,91.2 2 0
mikmongo/internal/migration/009_create_invoice_items.go:10.13,12.2 1 0
mikmongo/internal/migration/009_create_invoice_items.go:15.51,51.2 2 0
mikmongo/internal/migration/009_create_invoice_items.go:53.53,56.2 2 0
mikmongo/internal/migration/010_create_payments.go:10.13,12.2 1 0
mikmongo/internal/migration/010_create_payments.go:15.51,92.2 2 0
mikmongo/internal/migration/010_create_payments.go:94.53,97.2 2 0
mikmongo/internal/migration/011_create_payment_allocations.go:10.13,12.2 1 0
mikmongo/internal/migration/011_create_payment_allocations.go:15.51,35.2 2 0
mikmongo/internal/migration/011_create_payment_allocations.go:37.53,40.2 2 0
mikmongo/internal/migration/015_create_system_settings.go:10.13,12.2 1 0
mikmongo/internal/migration/015_create_system_settings.go:15.51,43.2 2 0
mikmongo/internal/migration/015_create_system_settings.go:45.53,48.2 2 0
mikmongo/internal/migration/017_create_sequence_counters.go:10.13,12.2 1 0
mikmongo/internal/migration/017_create_sequence_counters.go:15.51,41.2 2 0
mikmongo/internal/migration/017_create_sequence_counters.go:43.53,46.2 2 0
mikmongo/internal/migration/018_create_message_templates.go:10.13,12.2 1 0
mikmongo/internal/migration/018_create_message_templates.go:15.51,43.2 2 0
mikmongo/internal/migration/018_create_message_templates.go:45.53,48.2 2 0
mikmongo/internal/migration/019_create_audit_logs.go:10.13,12.2 1 0
mikmongo/internal/migration/019_create_audit_logs.go:15.51,45.2 2 0
mikmongo/internal/migration/019_create_audit_logs.go:47.53,50.2 2 0
mikmongo/internal/migration/020_seed_system_data.go:10.13,10.58 1 0
mikmongo/internal/migration/020_seed_system_data.go:12.51,25.26 2 0
mikmongo/internal/migration/020_seed_system_data.go:25.26,31.17 2 0
mikmongo/internal/migration/020_seed_system_data.go:31.17,33.4 1 0
mikmongo/internal/migration/020_seed_system_data.go:37.2,45.29 2 0
mikmongo/internal/migration/020_seed_system_data.go:45.29,51.17 2 0
mikmongo/internal/migration/020_seed_system_data.go:51.17,53.4 1 0
mikmongo/internal/migration/020_seed_system_data.go:57.2,69.30 2 0
mikmongo/internal/migration/020_seed_system_data.go:69.30,70.22 1 0
mikmongo/internal/migration/020_seed_system_data.go:70.22,76.18 2 0
mikmongo/internal/migration/020_seed_system_data.go:76.18,78.5 1 0
mikmongo/internal/migration/020_seed_system_data.go:79.9,85.18 2 0
mikmongo/internal/migration/020_seed_system_data.go:85.18,87.5 1 0
mikmongo/internal/migration/020_seed_system_data.go:91.2,91.12 1 0
mikmongo/internal/migration/020_seed_system_data.go:94.53,97.2 1 0
mikmongo/internal/migration/021_add_payment_gateway_url.go:10.13,12.2 1 0
mikmongo/internal/migration/021_add_payment_gateway_url.go:14.51,22.2 2 0
mikmongo/internal/migration/021_add_payment_gateway_url.go:24.53,29.2 2 0
mikmongo/internal/model/audit_log.go:25.36,27.2 1 0
mikmongo/internal/model/bandwidth_profile.go:38.44,40.2 1 0
mikmongo/internal/model/casbin_rule.go:15.38,17.2 1 0
mikmongo/internal/model/customer.go:41.36,43.2 1 0
mikmongo/internal/model/customer_registration.go:35.48,37.2 1 0
mikmongo/internal/model/invoice.go:53.35,55.2 1 0
mikmongo/internal/model/invoice_item.go:31.39,33.2 1 0
mikmongo/internal/model/message_template.go:19.43,21.2 1 0
mikmongo/internal/model/mikrotik_router.go:33.42,35.2 1 0
mikmongo/internal/model/payment.go:53.35,55.2 1 0
mikmongo/internal/model/payment_allocation.go:20.45,22.2 1 0
mikmongo/internal/model/sequence_counter.go:21.43,23.2 1 0
mikmongo/internal/model/subscription.go:44.40,46.2 1 0
mikmongo/internal/model/system_setting.go:25.41,27.2 1 0
mikmongo/internal/model/user.go:30.32,32.2 1 0
mikmongo/internal/queue/producer/billing_producer.go:25.67,27.2 1 0
mikmongo/internal/queue/producer/billing_producer.go:30.106,31.21 1 0
mikmongo/internal/queue/producer/billing_producer.go:31.21,33.3 1 0
mikmongo/internal/queue/producer/billing_producer.go:34.2,35.16 2 0
mikmongo/internal/queue/producer/billing_producer.go:35.16,37.3 1 0
mikmongo/internal/queue/producer/billing_producer.go:38.2,38.76 1 0
mikmongo/internal/queue/producer/notification_producer.go:24.77,26.2 1 0
mikmongo/internal/queue/producer/notification_producer.go:29.105,30.21 1 0
mikmongo/internal/queue/producer/notification_producer.go:30.21,32.3 1 0
mikmongo/internal/queue/producer/notification_producer.go:33.2,34.16 2 0
mikmongo/internal/queue/producer/notification_producer.go:34.16,36.3 1 0
mikmongo/internal/queue/producer/notification_producer.go:37.2,37.82 1 0
mikmongo/internal/queue/producer/suspend_producer.go:23.67,25.2 1 0
mikmongo/internal/queue/producer/suspend_producer.go:28.106,29.21 1 0
mikmongo/internal/queue/producer/suspend_producer.go:29.21,31.3 1 0
mikmongo/internal/queue/producer/suspend_producer.go:32.2,33.16 2 0
mikmongo/internal/queue/producer/suspend_producer.go:33.16,35.3 1 0
mikmongo/internal/queue/producer/suspend_producer.go:36.2,36.76 1 0
mikmongo/internal/queue/registry.go:22.53,32.2 1 0
mikmongo/internal/queue/registry.go:35.34,37.2 1 0
mikmongo/internal/queue/consumer/billing_consumer.go:23.67,25.2 1 0
mikmongo/internal/queue/consumer/billing_consumer.go:28.56,30.2 1 0
mikmongo/internal/queue/consumer/billing_consumer.go:33.60,34.21 1 0
mikmongo/internal/queue/consumer/billing_consumer.go:34.21,36.3 1 0
mikmongo/internal/queue/consumer/billing_consumer.go:37.2,37.66 1 0
mikmongo/internal/queue/consumer/billing_consumer.go:45.81,47.53 2 0
mikmongo/internal/queue/consumer/billing_consumer.go:47.53,50.3 2 0
mikmongo/internal/queue/consumer/billing_consumer.go:52.2,52.22 1 0
mikmongo/internal/queue/consumer/billing_consumer.go:52.22,55.3 2 0
mikmongo/internal/queue/consumer/billing_consumer.go:57.2,58.16 2 0
mikmongo/internal/queue/consumer/billing_consumer.go:58.16,60.3 1 0
mikmongo/internal/queue/consumer/billing_consumer.go:62.2,63.24 2 0
mikmongo/internal/queue/consumer/billing_consumer.go:63.24,64.64 1 0
mikmongo/internal/queue/consumer/billing_consumer.go:64.64,66.4 1 0
mikmongo/internal/queue/consumer/billing_consumer.go:69.2,69.54 1 0
mikmongo/internal/queue/consumer/billing_consumer.go:69.54,72.3 2 0
mikmongo/internal/queue/consumer/billing_consumer.go:73.2,73.12 1 0
mikmongo/internal/queue/consumer/notification_consumer.go:24.77,26.2 1 0
mikmongo/internal/queue/consumer/notification_consumer.go:29.67,31.2 1 0
mikmongo/internal/queue/consumer/notification_consumer.go:34.65,35.21 1 0
mikmongo/internal/queue/consumer/notification_consumer.go:35.21,37.3 1 0
mikmongo/internal/queue/consumer/notification_consumer.go:38.2,38.71 1 0
mikmongo/internal/queue/consumer/notification_consumer.go:48.86,50.53 2 0
mikmongo/internal/queue/consumer/notification_consumer.go:50.53,53.3 2 0
mikmongo/internal/queue/consumer/notification_consumer.go:55.2,55.22 1 0
mikmongo/internal/queue/consumer/notification_consumer.go:55.22,58.3 2 0
mikmongo/internal/queue/consumer/notification_consumer.go:60.2,60.20 1 0
mikmongo/internal/queue/consumer/notification_consumer.go:61.24,62.36 1 0
mikmongo/internal/queue/consumer/notification_consumer.go:62.36,64.4 1 0
mikmongo/internal/queue/consumer/notification_consumer.go:65.15,66.33 1 0
mikmongo/internal/queue/consumer/notification_consumer.go:66.33,68.4 1 0
mikmongo/internal/queue/consumer/notification_consumer.go:69.10,70.58 1 0
mikmongo/internal/queue/consumer/notification_consumer.go:72.2,72.12 1 0
mikmongo/internal/queue/consumer/suspend_consumer.go:22.67,24.2 1 0
mikmongo/internal/queue/consumer/suspend_consumer.go:27.56,29.2 1 0
mikmongo/internal/queue/consumer/suspend_consumer.go:32.60,33.21 1 0
mikmongo/internal/queue/consumer/suspend_consumer.go:33.21,35.3 1 0
mikmongo/internal/queue/consumer/suspend_consumer.go:36.2,36.66 1 0
mikmongo/internal/queue/consumer/suspend_consumer.go:45.81,47.53 2 0
mikmongo/internal/queue/consumer/suspend_consumer.go:47.53,50.3 2 0
mikmongo/internal/queue/consumer/suspend_consumer.go:52.2,52.22 1 0
mikmongo/internal/queue/consumer/suspend_consumer.go:52.22,55.3 2 0
mikmongo/internal/queue/consumer/suspend_consumer.go:57.2,58.16 2 0
mikmongo/internal/queue/consumer/suspend_consumer.go:58.16,60.3 1 0
mikmongo/internal/queue/consumer/suspend_consumer.go:62.2,62.51 1 0
mikmongo/internal/queue/consumer/suspend_consumer.go:62.51,65.3 2 0
mikmongo/internal/queue/consumer/suspend_consumer.go:66.2,66.12 1 0
mikmongo/internal/repository/postgres/audit_log_repo.go:16.71,18.2 1 0
mikmongo/internal/repository/postgres/audit_log_repo.go:20.85,22.2 1 0
mikmongo/internal/repository/postgres/audit_log_repo.go:24.98,27.16 3 0
mikmongo/internal/repository/postgres/audit_log_repo.go:27.16,29.3 1 0
mikmongo/internal/repository/postgres/audit_log_repo.go:30.2,30.18 1 0
mikmongo/internal/repository/postgres/audit_log_repo.go:33.101,37.2 3 0
mikmongo/internal/repository/postgres/audit_log_repo.go:39.72,43.2 3 0
mikmongo/internal/repository/postgres/audit_log_repo.go:45.138,53.2 3 0
mikmongo/internal/repository/postgres/audit_log_repo.go:55.127,63.2 3 0
mikmongo/internal/repository/postgres/bandwidth_profile_repo.go:16.87,18.2 1 0
mikmongo/internal/repository/postgres/bandwidth_profile_repo.go:20.105,22.2 1 0
mikmongo/internal/repository/postgres/bandwidth_profile_repo.go:24.114,27.16 3 0
mikmongo/internal/repository/postgres/bandwidth_profile_repo.go:27.16,29.3 1 0
mikmongo/internal/repository/postgres/bandwidth_profile_repo.go:30.2,30.22 1 0
mikmongo/internal/repository/postgres/bandwidth_profile_repo.go:33.115,36.16 3 0
mikmongo/internal/repository/postgres/bandwidth_profile_repo.go:36.16,38.3 1 0
mikmongo/internal/repository/postgres/bandwidth_profile_repo.go:39.2,39.22 1 0
mikmongo/internal/repository/postgres/bandwidth_profile_repo.go:42.144,45.16 3 0
mikmongo/internal/repository/postgres/bandwidth_profile_repo.go:45.16,47.3 1 0
mikmongo/internal/repository/postgres/bandwidth_profile_repo.go:48.2,48.22 1 0
mikmongo/internal/repository/postgres/bandwidth_profile_repo.go:51.144,54.16 3 0
mikmongo/internal/repository/postgres/bandwidth_profile_repo.go:54.16,56.3 1 0
mikmongo/internal/repository/postgres/bandwidth_profile_repo.go:57.2,57.22 1 0
mikmongo/internal/repository/postgres/bandwidth_profile_repo.go:60.105,62.2 1 0
mikmongo/internal/repository/postgres/bandwidth_profile_repo.go:64.86,66.2 1 0
mikmongo/internal/repository/postgres/bandwidth_profile_repo.go:68.117,72.2 3 0
mikmongo/internal/repository/postgres/bandwidth_profile_repo.go:74.80,78.2 3 0
mikmongo/internal/repository/postgres/bandwidth_profile_repo.go:80.110,84.2 3 0
mikmongo/internal/repository/postgres/bandwidth_profile_repo.go:86.104,90.2 3 0
mikmongo/internal/repository/postgres/bandwidth_profile_repo.go:92.147,96.2 3 0
mikmongo/internal/repository/postgres/bandwidth_profile_repo.go:98.134,102.2 3 0
mikmongo/internal/repository/postgres/customer_registration_repo.go:16.95,18.2 1 0
mikmongo/internal/repository/postgres/customer_registration_repo.go:20.109,22.2 1 0
mikmongo/internal/repository/postgres/customer_registration_repo.go:24.122,27.16 3 0
mikmongo/internal/repository/postgres/customer_registration_repo.go:27.16,29.3 1 0
mikmongo/internal/repository/postgres/customer_registration_repo.go:30.2,30.18 1 0
mikmongo/internal/repository/postgres/customer_registration_repo.go:33.109,35.2 1 0
mikmongo/internal/repository/postgres/customer_registration_repo.go:37.90,39.2 1 0
mikmongo/internal/repository/postgres/customer_registration_repo.go:41.125,45.2 3 0
mikmongo/internal/repository/postgres/customer_registration_repo.go:47.84,51.2 3 0
mikmongo/internal/repository/postgres/customer_registration_repo.go:53.129,57.2 3 0
mikmongo/internal/repository/postgres/customer_registration_repo.go:59.139,67.2 1 0
mikmongo/internal/repository/postgres/customer_repo.go:18.71,20.2 1 0
mikmongo/internal/repository/postgres/customer_repo.go:22.90,24.2 1 0
mikmongo/internal/repository/postgres/customer_repo.go:26.98,29.16 3 0
mikmongo/internal/repository/postgres/customer_repo.go:29.16,31.3 1 0
mikmongo/internal/repository/postgres/customer_repo.go:32.2,32.23 1 0
mikmongo/internal/repository/postgres/customer_repo.go:35.107,38.16 3 0
mikmongo/internal/repository/postgres/customer_repo.go:38.16,40.3 1 0
mikmongo/internal/repository/postgres/customer_repo.go:41.2,41.23 1 0
mikmongo/internal/repository/postgres/customer_repo.go:44.101,47.16 3 0
mikmongo/internal/repository/postgres/customer_repo.go:47.16,49.3 1 0
mikmongo/internal/repository/postgres/customer_repo.go:50.2,50.23 1 0
mikmongo/internal/repository/postgres/customer_repo.go:53.90,55.2 1 0
mikmongo/internal/repository/postgres/customer_repo.go:57.78,59.2 1 0
mikmongo/internal/repository/postgres/customer_repo.go:61.101,65.2 3 0
mikmongo/internal/repository/postgres/customer_repo.go:67.72,71.2 3 0
mikmongo/internal/repository/postgres/invoice_item_repo.go:16.77,18.2 1 0
mikmongo/internal/repository/postgres/invoice_item_repo.go:20.92,22.2 1 0
mikmongo/internal/repository/postgres/invoice_item_repo.go:24.104,27.16 3 0
mikmongo/internal/repository/postgres/invoice_item_repo.go:27.16,29.3 1 0
mikmongo/internal/repository/postgres/invoice_item_repo.go:30.2,30.19 1 0
mikmongo/internal/repository/postgres/invoice_item_repo.go:33.92,35.2 1 0
mikmongo/internal/repository/postgres/invoice_item_repo.go:37.81,39.2 1 0
mikmongo/internal/repository/postgres/invoice_item_repo.go:41.107,45.2 3 0
mikmongo/internal/repository/postgres/invoice_item_repo.go:47.75,51.2 3 0
mikmongo/internal/repository/postgres/invoice_item_repo.go:53.120,57.2 3 0
mikmongo/internal/repository/postgres/invoice_item_repo.go:59.99,61.2 1 0
mikmongo/internal/repository/postgres/invoice_repo.go:20.69,22.2 1 0
mikmongo/internal/repository/postgres/invoice_repo.go:24.87,26.2 1 0
mikmongo/internal/repository/postgres/invoice_repo.go:28.96,31.16 3 0
mikmongo/internal/repository/postgres/invoice_repo.go:31.16,33.3 1 0
mikmongo/internal/repository/postgres/invoice_repo.go:34.2,34.22 1 0
mikmongo/internal/repository/postgres/invoice_repo.go:37.113,41.2 3 0
mikmongo/internal/repository/postgres/invoice_repo.go:43.122,50.2 3 0
mikmongo/internal/repository/postgres/invoice_repo.go:52.87,54.2 1 0
mikmongo/internal/repository/postgres/invoice_repo.go:56.98,58.2 1 0
mikmongo/internal/repository/postgres/invoice_repo.go:60.77,62.2 1 0
mikmongo/internal/repository/postgres/invoice_repo.go:64.99,68.2 3 0
mikmongo/internal/repository/postgres/invoice_repo.go:70.86,76.2 3 0
mikmongo/internal/repository/postgres/invoice_repo.go:78.135,84.16 3 0
mikmongo/internal/repository/postgres/invoice_repo.go:84.16,86.3 1 0
mikmongo/internal/repository/postgres/invoice_repo.go:87.2,87.18 1 0
mikmongo/internal/repository/postgres/message_template_repo.go:16.85,18.2 1 0
mikmongo/internal/repository/postgres/message_template_repo.go:20.100,22.2 1 0
mikmongo/internal/repository/postgres/message_template_repo.go:24.112,27.16 3 0
mikmongo/internal/repository/postgres/message_template_repo.go:27.16,29.3 1 0
mikmongo/internal/repository/postgres/message_template_repo.go:30.2,30.19 1 0
mikmongo/internal/repository/postgres/message_template_repo.go:33.134,36.16 3 0
mikmongo/internal/repository/postgres/message_template_repo.go:36.16,38.3 1 0
mikmongo/internal/repository/postgres/message_template_repo.go:39.2,39.19 1 0
mikmongo/internal/repository/postgres/message_template_repo.go:42.100,44.2 1 0
mikmongo/internal/repository/postgres/message_template_repo.go:46.85,48.2 1 0
mikmongo/internal/repository/postgres/message_template_repo.go:50.115,54.2 3 0
mikmongo/internal/repository/postgres/message_template_repo.go:56.79,60.2 3 0
mikmongo/internal/repository/postgres/message_template_repo.go:62.117,66.2 3 0
mikmongo/internal/repository/postgres/message_template_repo.go:68.102,72.2 3 0
mikmongo/internal/repository/postgres/payment_allocation_repo.go:16.89,18.2 1 0
mikmongo/internal/repository/postgres/payment_allocation_repo.go:20.110,22.2 1 0
mikmongo/internal/repository/postgres/payment_allocation_repo.go:24.116,27.16 3 0
mikmongo/internal/repository/postgres/payment_allocation_repo.go:27.16,29.3 1 0
mikmongo/internal/repository/postgres/payment_allocation_repo.go:30.2,30.25 1 0
mikmongo/internal/repository/postgres/payment_allocation_repo.go:33.110,35.2 1 0
mikmongo/internal/repository/postgres/payment_allocation_repo.go:37.87,39.2 1 0
mikmongo/internal/repository/postgres/payment_allocation_repo.go:41.119,45.2 3 0
mikmongo/internal/repository/postgres/payment_allocation_repo.go:47.81,51.2 3 0
mikmongo/internal/repository/postgres/payment_allocation_repo.go:53.132,57.2 3 0
mikmongo/internal/repository/postgres/payment_allocation_repo.go:59.132,63.2 3 0
mikmongo/internal/repository/postgres/payment_repo.go:18.69,20.2 1 0
mikmongo/internal/repository/postgres/payment_repo.go:22.87,24.2 1 0
mikmongo/internal/repository/postgres/payment_repo.go:26.96,29.16 3 0
mikmongo/internal/repository/postgres/payment_repo.go:29.16,31.3 1 0
mikmongo/internal/repository/postgres/payment_repo.go:32.2,32.22 1 0
mikmongo/internal/repository/postgres/payment_repo.go:35.111,42.2 3 0
mikmongo/internal/repository/postgres/payment_repo.go:44.115,47.16 3 0
mikmongo/internal/repository/postgres/payment_repo.go:47.16,49.3 1 0
mikmongo/internal/repository/postgres/payment_repo.go:50.2,50.22 1 0
mikmongo/internal/repository/postgres/payment_repo.go:53.87,55.2 1 0
mikmongo/internal/repository/postgres/payment_repo.go:57.98,59.2 1 0
mikmongo/internal/repository/postgres/payment_repo.go:61.113,68.2 3 0
mikmongo/internal/repository/postgres/payment_repo.go:70.99,74.2 3 0
mikmongo/internal/repository/postgres/registry.go:30.43,49.2 1 0
mikmongo/internal/repository/postgres/router_device_repo.go:19.79,21.2 1 0
mikmongo/internal/repository/postgres/router_device_repo.go:23.98,25.2 1 0
mikmongo/internal/repository/postgres/router_device_repo.go:27.108,30.16 3 0
mikmongo/internal/repository/postgres/router_device_repo.go:30.16,32.3 1 0
mikmongo/internal/repository/postgres/router_device_repo.go:33.2,33.21 1 0
mikmongo/internal/repository/postgres/router_device_repo.go:36.97,40.2 3 0
mikmongo/internal/repository/postgres/router_device_repo.go:42.98,44.2 1 0
mikmongo/internal/repository/postgres/router_device_repo.go:46.90,49.2 2 0
mikmongo/internal/repository/postgres/router_device_repo.go:51.82,53.2 1 0
mikmongo/internal/repository/postgres/router_device_repo.go:55.111,59.2 3 0
mikmongo/internal/repository/postgres/sequence_counter_repo.go:17.85,19.2 1 0
mikmongo/internal/repository/postgres/sequence_counter_repo.go:21.103,23.2 1 0
mikmongo/internal/repository/postgres/sequence_counter_repo.go:25.112,28.16 3 0
mikmongo/internal/repository/postgres/sequence_counter_repo.go:28.16,30.3 1 0
mikmongo/internal/repository/postgres/sequence_counter_repo.go:31.2,31.22 1 0
mikmongo/internal/repository/postgres/sequence_counter_repo.go:34.113,37.16 3 0
mikmongo/internal/repository/postgres/sequence_counter_repo.go:37.16,39.3 1 0
mikmongo/internal/repository/postgres/sequence_counter_repo.go:40.2,40.22 1 0
mikmongo/internal/repository/postgres/sequence_counter_repo.go:43.103,45.2 1 0
mikmongo/internal/repository/postgres/sequence_counter_repo.go:47.85,49.2 1 0
mikmongo/internal/repository/postgres/sequence_counter_repo.go:51.115,55.2 3 0
mikmongo/internal/repository/postgres/sequence_counter_repo.go:57.79,61.2 3 0
mikmongo/internal/repository/postgres/sequence_counter_repo.go:63.95,65.67 2 0
mikmongo/internal/repository/postgres/sequence_counter_repo.go:65.67,67.56 1 0
mikmongo/internal/repository/postgres/sequence_counter_repo.go:67.56,69.4 1 0
mikmongo/internal/repository/postgres/sequence_counter_repo.go:70.3,71.33 2 0
mikmongo/internal/repository/postgres/sequence_counter_repo.go:73.2,73.16 1 0
mikmongo/internal/repository/postgres/sequence_counter_repo.go:73.16,75.3 1 0
mikmongo/internal/repository/postgres/sequence_counter_repo.go:76.2,76.32 1 0
mikmongo/internal/repository/postgres/subscription_repo.go:16.79,18.2 1 0
mikmongo/internal/repository/postgres/subscription_repo.go:20.102,22.2 1 0
mikmongo/internal/repository/postgres/subscription_repo.go:24.106,27.16 3 0
mikmongo/internal/repository/postgres/subscription_repo.go:27.16,29.3 1 0
mikmongo/internal/repository/postgres/subscription_repo.go:30.2,30.27 1 0
mikmongo/internal/repository/postgres/subscription_repo.go:33.123,37.2 3 0
mikmongo/internal/repository/postgres/subscription_repo.go:39.115,42.16 3 0
mikmongo/internal/repository/postgres/subscription_repo.go:42.16,44.3 1 0
mikmongo/internal/repository/postgres/subscription_repo.go:45.2,45.27 1 0
mikmongo/internal/repository/postgres/subscription_repo.go:48.102,50.2 1 0
mikmongo/internal/repository/postgres/subscription_repo.go:52.82,54.2 1 0
mikmongo/internal/repository/postgres/subscription_repo.go:56.109,60.2 3 0
mikmongo/internal/repository/postgres/subscription_repo.go:62.76,66.2 3 0
mikmongo/internal/repository/postgres/subscription_repo.go:68.139,72.2 3 0
mikmongo/internal/repository/postgres/subscription_repo.go:74.106,78.2 3 0
mikmongo/internal/repository/postgres/subscription_repo.go:80.103,84.2 1 0
[...]
mikmongo/internal/service/mocks/invoice_repo_mock.go:45.91,48.2 2 0
mikmongo/internal/service/mocks/invoice_repo_mock.go:50.102,53.2 2 0
mikmongo/internal/service/mocks/invoice_repo_mock.go:55.81,58.2 2 0
mikmongo/internal/service/mocks/invoice_repo_mock.go:60.103,62.24 2 0
mikmongo/internal/service/mocks/invoice_repo_mock.go:62.24,64.3 1 0
mikmongo/internal/service/mocks/invoice_repo_mock.go:65.2,65.53 1 0
mikmongo/internal/service/mocks/invoice_repo_mock.go:68.90,70.24 2 0
mikmongo/internal/service/mocks/invoice_repo_mock.go:70.24,72.3 1 0
mikmongo/internal/service/mocks/invoice_repo_mock.go:73.2,73.53 1 0
mikmongo/internal/service/mocks/invoice_repo_mock.go:76.139,78.24 2 0
mikmongo/internal/service/mocks/invoice_repo_mock.go:78.24,80.3 1 0
mikmongo/internal/service/mocks/invoice_repo_mock.go:81.2,81.52 1 0
mikmongo/internal/service/mocks/invoice_repo_mock.go:89.96,92.2 2 0
mikmongo/internal/service/mocks/invoice_repo_mock.go:94.108,96.24 2 0
mikmongo/internal/service/mocks/invoice_repo_mock.go:96.24,98.3 1 0
mikmongo/internal/service/mocks/invoice_repo_mock.go:99.2,99.56 1 0
mikmongo/internal/service/mocks/invoice_repo_mock.go:102.96,105.2 2 0
mikmongo/internal/service/mocks/invoice_repo_mock.go:107.85,110.2 2 0
mikmongo/internal/service/mocks/invoice_repo_mock.go:112.111,114.24 2 0
mikmongo/internal/service/mocks/invoice_repo_mock.go:114.24,116.3 1 0
mikmongo/internal/service/mocks/invoice_repo_mock.go:117.2,117.57 1 0
mikmongo/internal/service/mocks/invoice_repo_mock.go:120.79,123.2 2 0
mikmongo/internal/service/mocks/invoice_repo_mock.go:125.124,127.24 2 0
mikmongo/internal/service/mocks/invoice_repo_mock.go:127.24,129.3 1 0
mikmongo/internal/service/mocks/invoice_repo_mock.go:130.2,130.57 1 0
mikmongo/internal/service/mocks/invoice_repo_mock.go:133.103,136.2 2 0
mikmongo/internal/service/mocks/mikrotik_mock.go:17.102,20.2 2 0
mikmongo/internal/service/mocks/mikrotik_mock.go:22.116,25.2 2 0
mikmongo/internal/service/mocks/mikrotik_mock.go:27.88,30.2 2 0
mikmongo/internal/service/mocks/mikrotik_mock.go:32.116,34.24 2 0
mikmongo/internal/service/mocks/mikrotik_mock.go:34.24,36.3 1 0
mikmongo/internal/service/mocks/mikrotik_mock.go:37.2,37.57 1 0
mikmongo/internal/service/mocks/mikrotik_mock.go:40.89,43.2 2 0
mikmongo/internal/service/mocks/mikrotik_mock.go:45.88,48.2 2 0
mikmongo/internal/service/mocks/misc_repo_mocks.go:16.109,19.2 2 0
mikmongo/internal/service/mocks/misc_repo_mocks.go:21.118,23.24 2 0
mikmongo/internal/service/mocks/misc_repo_mocks.go:23.24,25.3 1 0
mikmongo/internal/service/mocks/misc_repo_mocks.go:26.2,26.61 1 0
mikmongo/internal/service/mocks/misc_repo_mocks.go:29.119,31.24 2 0
mikmongo/internal/service/mocks/misc_repo_mocks.go:31.24,33.3 1 0
mikmongo/internal/service/mocks/misc_repo_mocks.go:34.2,34.61 1 0
mikmongo/internal/service/mocks/misc_repo_mocks.go:37.148,39.24 2 0
mikmongo/internal/service/mocks/misc_repo_mocks.go:39.24,41.3 1 0
mikmongo/internal/service/mocks/misc_repo_mocks.go:42.2,42.61 1 0
mikmongo/internal/service/mocks/misc_repo_mocks.go:45.148,47.24 2 0
mikmongo/internal/service/mocks/misc_repo_mocks.go:47.24,49.3 1 0
mikmongo/internal/service/mocks/misc_repo_mocks.go:50.2,50.61 1 0
mikmongo/internal/service/mocks/misc_repo_mocks.go:53.109,56.2 2 0
mikmongo/internal/service/mocks/misc_repo_mocks.go:58.90,61.2 2 0
mikmongo/internal/service/mocks/misc_repo_mocks.go:63.121,65.24 2 0
mikmongo/internal/service/mocks/misc_repo_mocks.go:65.24,67.3 1 0
mikmongo/internal/service/mocks/misc_repo_mocks.go:68.2,68.62 1 0
mikmongo/internal/service/mocks/misc_repo_mocks.go:71.151,73.24 2 0
mikmongo/internal/service/mocks/misc_repo_mocks.go:73.24,75.3 1 0
mikmongo/internal/service/mocks/misc_repo_mocks.go:76.2,76.62 1 0
mikmongo/internal/service/mocks/misc_repo_mocks.go:79.84,82.2 2 0
mikmongo/internal/service/mocks/misc_repo_mocks.go:84.114,87.2 2 0
mikmongo/internal/service/mocks/misc_repo_mocks.go:89.108,91.24 2 0
mikmongo/internal/service/mocks/misc_repo_mocks.go:91.24,93.3 1 0
mikmongo/internal/service/mocks/misc_repo_mocks.go:94.2,94.62 1 0
mikmongo/internal/service/mocks/misc_repo_mocks.go:97.138,99.24 2 0
mikmongo/internal/service/mocks/misc_repo_mocks.go:99.24,101.3 1 0
mikmongo/internal/service/mocks/misc_repo_mocks.go:102.2,102.62 1 0
mikmongo/internal/service/mocks/misc_repo_mocks.go:110.107,113.2 2 0
mikmongo/internal/service/mocks/misc_repo_mocks.go:115.116,117.24 2 0
mikmongo/internal/service/mocks/misc_repo_mocks.go:117.24,119.3 1 0
mikmongo/internal/service/mocks/misc_repo_mocks.go:120.2,120.60 1 0
mikmongo/internal/service/mocks/misc_repo_mocks.go:123.117,125.24 2 0
mikmongo/internal/service/mocks/misc_repo_mocks.go:125.24,127.3 1 0
mikmongo/internal/service/mocks/misc_repo_mocks.go:128.2,128.60 1 0
mikmongo/internal/service/mocks/misc_repo_mocks.go:131.107,134.2 2 0
mikmongo/internal/service/mocks/misc_repo_mocks.go:136.89,139.2 2 0
mikmongo/internal/service/mocks/misc_repo_mocks.go:141.119,143.24 2 0
mikmongo/internal/service/mocks/misc_repo_mocks.go:143.24,145.3 1 0
mikmongo/internal/service/mocks/misc_repo_mocks.go:146.2,146.61 1 0
mikmongo/internal/service/mocks/misc_repo_mocks.go:149.83,152.2 2 0
mikmongo/internal/service/mocks/misc_repo_mocks.go:154.99,157.2 2 0
mikmongo/internal/service/mocks/misc_repo_mocks.go:164.103,167.2 2 0
mikmongo/internal/service/mocks/misc_repo_mocks.go:169.112,171.24 2 0
mikmongo/internal/service/mocks/misc_repo_mocks.go:171.24,173.3 1 0
mikmongo/internal/service/mocks/misc_repo_mocks.go:174.2,174.58 1 0
mikmongo/internal/service/mocks/misc_repo_mocks.go:177.126,179.24 2 0
mikmongo/internal/service/mocks/misc_repo_mocks.go:179.24,181.3 1 0
mikmongo/internal/service/mocks/misc_repo_mocks.go:182.2,182.58 1 0
mikmongo/internal/service/mocks/misc_repo_mocks.go:185.103,188.2 2 0
mikmongo/internal/service/mocks/misc_repo_mocks.go:190.115,192.24 2 0
mikmongo/internal/service/mocks/misc_repo_mocks.go:192.24,194.3 1 0
mikmongo/internal/service/mocks/misc_repo_mocks.go:195.2,195.59 1 0
mikmongo/internal/service/mocks/misc_repo_mocks.go:198.81,201.2 2 0
mikmongo/internal/service/mocks/misc_repo_mocks.go:203.117,205.24 2 0
mikmongo/internal/service/mocks/misc_repo_mocks.go:205.24,207.3 1 0
mikmongo/internal/service/mocks/misc_repo_mocks.go:208.2,208.59 1 0
mikmongo/internal/service/mocks/misc_repo_mocks.go:211.103,214.2 2 0
mikmongo/internal/service/mocks/misc_repo_mocks.go:221.104,224.2 2 0
mikmongo/internal/service/mocks/misc_repo_mocks.go:226.116,228.24 2 0
mikmongo/internal/service/mocks/misc_repo_mocks.go:228.24,230.3 1 0
mikmongo/internal/service/mocks/misc_repo_mocks.go:231.2,231.60 1 0
mikmongo/internal/service/mocks/misc_repo_mocks.go:234.138,236.24 2 0
mikmongo/internal/service/mocks/misc_repo_mocks.go:236.24,238.3 1 0
mikmongo/internal/service/mocks/misc_repo_mocks.go:239.2,239.60 1 0
mikmongo/internal/service/mocks/misc_repo_mocks.go:242.104,245.2 2 0
mikmongo/internal/service/mocks/misc_repo_mocks.go:247.89,250.2 2 0
mikmongo/internal/service/mocks/misc_repo_mocks.go:252.119,254.24 2 0
mikmongo/internal/service/mocks/misc_repo_mocks.go:254.24,256.3 1 0
mikmongo/internal/service/mocks/misc_repo_mocks.go:257.2,257.61 1 0
mikmongo/internal/service/mocks/misc_repo_mocks.go:260.83,263.2 2 0
mikmongo/internal/service/mocks/misc_repo_mocks.go:265.121,267.24 2 0
mikmongo/internal/service/mocks/misc_repo_mocks.go:267.24,269.3 1 0
mikmongo/internal/service/mocks/misc_repo_mocks.go:270.2,270.61 1 0
mikmongo/internal/service/mocks/misc_repo_mocks.go:273.106,275.24 2 0
mikmongo/internal/service/mocks/misc_repo_mocks.go:275.24,277.3 1 0
mikmongo/internal/service/mocks/misc_repo_mocks.go:278.2,278.61 1 0
mikmongo/internal/service/mocks/notification_mocks.go:14.92,17.2 2 0
mikmongo/internal/service/mocks/notification_mocks.go:24.90,27.2 2 0
mikmongo/internal/service/mocks/payment_repo_mock.go:16.91,19.2 2 0
mikmongo/internal/service/mocks/payment_repo_mock.go:21.100,23.24 2 0
mikmongo/internal/service/mocks/payment_repo_mock.go:23.24,25.3 1 0
mikmongo/internal/service/mocks/payment_repo_mock.go:26.2,26.52 1 0
mikmongo/internal/service/mocks/payment_repo_mock.go:29.115,31.24 2 0
mikmongo/internal/service/mocks/payment_repo_mock.go:31.24,33.3 1 0
mikmongo/internal/service/mocks/payment_repo_mock.go:34.2,34.53 1 0
mikmongo/internal/service/mocks/payment_repo_mock.go:37.119,39.24 2 0
mikmongo/internal/service/mocks/payment_repo_mock.go:39.24,41.3 1 0
mikmongo/internal/service/mocks/payment_repo_mock.go:42.2,42.52 1 0
mikmongo/internal/service/mocks/payment_repo_mock.go:45.91,48.2 2 0
mikmongo/internal/service/mocks/payment_repo_mock.go:50.102,53.2 2 0
mikmongo/internal/service/mocks/payment_repo_mock.go:55.117,57.24 2 0
mikmongo/internal/service/mocks/payment_repo_mock.go:57.24,59.3 1 0
mikmongo/internal/service/mocks/payment_repo_mock.go:60.2,60.53 1 0
mikmongo/internal/service/mocks/payment_repo_mock.go:63.103,65.24 2 0
mikmongo/internal/service/mocks/payment_repo_mock.go:65.24,67.3 1 0
mikmongo/internal/service/mocks/payment_repo_mock.go:68.2,68.53 1 0
mikmongo/internal/service/mocks/payment_repo_mock.go:76.114,79.2 2 0
mikmongo/internal/service/mocks/payment_repo_mock.go:81.120,83.24 2 0
mikmongo/internal/service/mocks/payment_repo_mock.go:83.24,85.3 1 0
mikmongo/internal/service/mocks/payment_repo_mock.go:86.2,86.62 1 0
mikmongo/internal/service/mocks/payment_repo_mock.go:89.114,92.2 2 0
mikmongo/internal/service/mocks/payment_repo_mock.go:94.91,97.2 2 0
mikmongo/internal/service/mocks/payment_repo_mock.go:99.123,101.24 2 0
mikmongo/internal/service/mocks/payment_repo_mock.go:101.24,103.3 1 0
mikmongo/internal/service/mocks/payment_repo_mock.go:104.2,104.63 1 0
mikmongo/internal/service/mocks/payment_repo_mock.go:107.85,110.2 2 0
mikmongo/internal/service/mocks/payment_repo_mock.go:112.136,114.24 2 0
mikmongo/internal/service/mocks/payment_repo_mock.go:114.24,116.3 1 0
mikmongo/internal/service/mocks/payment_repo_mock.go:117.2,117.63 1 0
mikmongo/internal/service/mocks/payment_repo_mock.go:120.136,122.24 2 0
mikmongo/internal/service/mocks/payment_repo_mock.go:122.24,124.3 1 0
mikmongo/internal/service/mocks/payment_repo_mock.go:125.2,125.63 1 0
mikmongo/internal/service/mocks/redis_mock.go:15.100,18.2 2 0
mikmongo/internal/service/mocks/redis_mock.go:20.88,23.2 2 0
mikmongo/internal/service/mocks/redis_mock.go:25.122,28.2 2 0
mikmongo/internal/service/mocks/subscription_repo_mock.go:16.106,19.2 2 0
mikmongo/internal/service/mocks/subscription_repo_mock.go:21.110,23.24 2 0
mikmongo/internal/service/mocks/subscription_repo_mock.go:23.24,25.3 1 0
mikmongo/internal/service/mocks/subscription_repo_mock.go:26.2,26.57 1 0
mikmongo/internal/service/mocks/subscription_repo_mock.go:29.127,31.24 2 0
mikmongo/internal/service/mocks/subscription_repo_mock.go:31.24,33.3 1 0
mikmongo/internal/service/mocks/subscription_repo_mock.go:34.2,34.58 1 0
mikmongo/internal/service/mocks/subscription_repo_mock.go:37.119,39.24 2 0
mikmongo/internal/service/mocks/subscription_repo_mock.go:39.24,41.3 1 0
mikmongo/internal/service/mocks/subscription_repo_mock.go:42.2,42.57 1 0
mikmongo/internal/service/mocks/subscription_repo_mock.go:45.106,48.2 2 0
mikmongo/internal/service/mocks/subscription_repo_mock.go:50.86,53.2 2 0
mikmongo/internal/service/mocks/subscription_repo_mock.go:55.113,57.24 2 0
mikmongo/internal/service/mocks/subscription_repo_mock.go:57.24,59.3 1 0
mikmongo/internal/service/mocks/subscription_repo_mock.go:60.2,60.58 1 0
mikmongo/internal/service/mocks/subscription_repo_mock.go:63.80,66.2 2 0
mikmongo/internal/service/mocks/subscription_repo_mock.go:68.143,70.24 2 0
mikmongo/internal/service/mocks/subscription_repo_mock.go:70.24,72.3 1 0
mikmongo/internal/service/mocks/subscription_repo_mock.go:73.2,73.58 1 0
mikmongo/internal/service/mocks/subscription_repo_mock.go:76.110,79.2 2 0
mikmongo/internal/service/mocks/subscription_repo_mock.go:81.107,84.2 2 0
mikmongo/internal/service/mocks/subscription_repo_mock.go:86.117,88.24 2 0
mikmongo/internal/service/mocks/subscription_repo_mock.go:88.24,90.3 1 0
mikmongo/internal/service/mocks/subscription_repo_mock.go:91.2,91.58 1 0
mikmongo/pkg/logger/logger.go:14.30,17.25 2 0
mikmongo/pkg/logger/logger.go:17.25,21.3 3 0
mikmongo/pkg/logger/logger.go:21.8,24.3 2 0
mikmongo/pkg/logger/logger.go:26.2,30.16 2 0
mikmongo/pkg/logger/logger.go:30.16,31.13 1 0
mikmongo/pkg/logger/logger.go:34.2,34.24 1 0
mikmongo/pkg/logger/logger.go:38.31,40.2 1 0
mikmongo/pkg/logger/logger.go:43.52,45.2 1 0
mikmongo/pkg/pagination/pagination.go:17.29,23.2 1 0
mikmongo/pkg/pagination/pagination.go:26.41,29.44 2 0
mikmongo/pkg/pagination/pagination.go:29.44,30.61 1 0
mikmongo/pkg/pagination/pagination.go:30.61,32.4 1 0
mikmongo/pkg/pagination/pagination.go:35.2,35.41 1 0
mikmongo/pkg/pagination/pagination.go:35.41,36.60 1 0
mikmongo/pkg/pagination/pagination.go:36.60,39.4 2 0
mikmongo/pkg/pagination/pagination.go:42.2,42.47 1 0
mikmongo/pkg/pagination/pagination.go:42.47,43.63 1 0
mikmongo/pkg/pagination/pagination.go:43.63,45.4 1 0
mikmongo/pkg/pagination/pagination.go:48.2,48.15 1 0
mikmongo/pkg/pagination/pagination.go:61.48,63.33 2 0
mikmongo/pkg/pagination/pagination.go:63.33,65.3 1 0
mikmongo/pkg/pagination/pagination.go:67.2,73.3 1 0
mikmongo/pkg/payment/tripay/client.go:19.20,19.40 1 0
mikmongo/pkg/payment/tripay/client.go:22.32,22.51 1 0
mikmongo/pkg/payment/tripay/client.go:25.115,27.2 1 0
mikmongo/pkg/payment/tripay/client.go:30.80,32.2 1 0
mikmongo/pkg/payment/midtrans/client.go:19.20,19.40 1 0
mikmongo/pkg/payment/midtrans/client.go:22.32,22.53 1 0
mikmongo/pkg/payment/midtrans/client.go:25.115,27.2 1 0
mikmongo/pkg/payment/midtrans/client.go:30.80,32.2 1 0
mikmongo/pkg/response/response.go:25.58,30.2 1 0
mikmongo/pkg/response/response.go:33.54,38.2 1 0
mikmongo/pkg/response/response.go:41.71,47.2 1 0
mikmongo/pkg/response/response.go:50.43,52.2 1 0
mikmongo/pkg/response/response.go:55.48,57.2 1 0
mikmongo/pkg/response/response.go:60.49,62.2 1 0
mikmongo/pkg/response/response.go:65.51,67.2 1 0
mikmongo/pkg/response/response.go:70.48,72.2 1 0
mikmongo/pkg/response/response.go:75.47,77.2 1 0
mikmongo/pkg/response/response.go:80.58,82.2 1 0
mikmongo/pkg/redis/cache.go:9.71,11.2 1 0
mikmongo/pkg/redis/cache.go:14.99,16.2 1 0
mikmongo/pkg/redis/cache.go:19.65,21.2 1 0
mikmongo/pkg/redis/cache.go:24.72,27.2 2 0
mikmongo/pkg/redis/cache.go:30.78,32.2 1 0
mikmongo/pkg/redis/cache.go:35.83,37.2 1 0
mikmongo/pkg/redis/client.go:26.38,33.2 2 0
mikmongo/pkg/redis/client.go:36.50,38.2 1 0
mikmongo/pkg/redis/client.go:41.32,43.2 1 0
mikmongo/pkg/redis/client.go:46.57,50.2 3 0
mikmongo/pkg/redis/client.go:53.53,55.2 1 0
mikmongo/pkg/redis/ratelimit.go:17.50,19.2 1 0
mikmongo/pkg/redis/ratelimit.go:22.113,45.16 10 0
mikmongo/pkg/redis/ratelimit.go:45.16,47.3 1 0
mikmongo/pkg/redis/ratelimit.go:49.2,50.34 2 0
mikmongo/pkg/redis/ratelimit.go:54.68,57.2 2 0
mikmongo/pkg/redis/session.go:29.108,32.16 3 0
mikmongo/pkg/redis/session.go:32.16,34.3 1 0
mikmongo/pkg/redis/session.go:35.2,35.39 1 0
mikmongo/pkg/redis/session.go:39.86,42.16 3 0
mikmongo/pkg/redis/session.go:42.16,44.3 1 0
mikmongo/pkg/redis/session.go:46.2,47.63 2 0
mikmongo/pkg/redis/session.go:47.63,49.3 1 0
mikmongo/pkg/redis/session.go:50.2,50.22 1 0
mikmongo/pkg/redis/session.go:54.73,57.2 2 0
mikmongo/pkg/redis/session.go:60.91,63.2 2 0
mikmongo/pkg/redis/session.go:66.79,69.2 2 0
mikmongo/pkg/redis/session.go:72.113,75.2 2 0
mikmongo/pkg/redis/session.go:78.94,81.16 3 0
mikmongo/pkg/redis/session.go:81.16,82.25 1 0
mikmongo/pkg/redis/session.go:82.25,84.4 1 0
mikmongo/pkg/redis/session.go:85.3,85.26 1 0
mikmongo/pkg/redis/session.go:88.2,89.57 2 0
mikmongo/pkg/redis/session.go:89.57,91.3 1 0
mikmongo/pkg/redis/session.go:92.2,92.32 1 0
mikmongo/pkg/redis/session.go:96.107,99.2 2 0
mikmongo/pkg/redis/session.go:102.88,105.16 3 0
mikmongo/pkg/redis/session.go:105.16,106.25 1 0
mikmongo/pkg/redis/session.go:106.25,108.4 1 0
mikmongo/pkg/redis/session.go:109.3,109.17 1 0
mikmongo/pkg/redis/session.go:111.2,111.18 1 0
mikmongo/pkg/redis/session.go:115.80,118.2 2 0
mikmongo/pkg/rabbitmq/client.go:19.79,23.16 3 0
mikmongo/pkg/rabbitmq/client.go:23.16,25.3 1 0
mikmongo/pkg/rabbitmq/client.go:27.2,28.16 2 0
mikmongo/pkg/rabbitmq/client.go:28.16,31.3 2 0
mikmongo/pkg/rabbitmq/client.go:33.2,37.8 1 0
mikmongo/pkg/rabbitmq/client.go:41.32,42.22 1 0
mikmongo/pkg/rabbitmq/client.go:42.22,44.3 1 0
mikmongo/pkg/rabbitmq/client.go:45.2,45.19 1 0
mikmongo/pkg/rabbitmq/client.go:45.19,47.3 1 0
mikmongo/pkg/rabbitmq/client.go:48.2,48.12 1 0
mikmongo/pkg/rabbitmq/client.go:52.36,56.16 3 0
mikmongo/pkg/rabbitmq/client.go:56.16,58.3 1 0
mikmongo/pkg/rabbitmq/client.go:60.2,61.16 2 0
mikmongo/pkg/rabbitmq/client.go:61.16,64.3 2 0
mikmongo/pkg/rabbitmq/client.go:66.2,68.12 3 0
mikmongo/pkg/rabbitmq/client.go:72.45,74.2 1 0
mikmongo/pkg/rabbitmq/client.go:77.57,83.2 2 0
mikmongo/pkg/rabbitmq/errors.go:16.40,17.16 1 0
mikmongo/pkg/rabbitmq/errors.go:17.16,19.3 1 0
mikmongo/pkg/rabbitmq/errors.go:20.2,20.80 1 0
mikmongo/pkg/rabbitmq/options.go:27.62,37.2 1 0
mikmongo/pkg/rabbitmq/options.go:40.73,49.2 1 0
mikmongo/pkg/rabbitmq/options.go:52.78,60.2 1 0
mikmongo/pkg/rabbitmq/publisher.go:11.95,28.2 3 0
mikmongo/pkg/rabbitmq/publisher.go:31.125,34.2 1 0
mikmongo/pkg/rabbitmq/subscriber.go:12.90,22.16 2 0
mikmongo/pkg/rabbitmq/subscriber.go:22.16,24.3 1 0
mikmongo/pkg/rabbitmq/subscriber.go:26.2,26.12 1 0
mikmongo/pkg/rabbitmq/subscriber.go:26.12,27.7 1 0
mikmongo/pkg/rabbitmq/subscriber.go:27.7,28.11 1 0
mikmongo/pkg/rabbitmq/subscriber.go:29.22,30.11 1 0
mikmongo/pkg/rabbitmq/subscriber.go:31.27,32.12 1 0
mikmongo/pkg/rabbitmq/subscriber.go:32.12,34.6 1 0
mikmongo/pkg/rabbitmq/subscriber.go:36.5,36.50 1 0
mikmongo/pkg/rabbitmq/subscriber.go:36.50,39.6 2 0
mikmongo/pkg/rabbitmq/subscriber.go:39.11,41.6 1 0
mikmongo/pkg/rabbitmq/subscriber.go:46.2,46.12 1 0
mikmongo/pkg/rabbitmq/subscriber.go:50.116,52.16 2 0
mikmongo/pkg/rabbitmq/subscriber.go:52.16,54.3 1 0
mikmongo/pkg/rabbitmq/subscriber.go:55.2,55.45 1 0
mikmongo/pkg/payment/xendit/client.go:31.30,36.2 1 1
mikmongo/pkg/payment/xendit/client.go:40.53,42.71 2 1
mikmongo/pkg/payment/xendit/client.go:42.71,44.3 1 1
mikmongo/pkg/payment/xendit/client.go:45.2,45.10 1 1
mikmongo/pkg/payment/xendit/client.go:49.32,49.51 1 0
mikmongo/pkg/payment/xendit/client.go:59.119,61.20 2 1
mikmongo/pkg/payment/xendit/client.go:61.20,63.3 1 1
mikmongo/pkg/payment/xendit/client.go:64.2,65.24 2 1
mikmongo/pkg/payment/xendit/client.go:65.24,67.3 1 1
mikmongo/pkg/payment/xendit/client.go:69.2,73.27 4 1
mikmongo/pkg/payment/xendit/client.go:73.27,75.3 1 1
mikmongo/pkg/payment/xendit/client.go:78.2,78.55 1 1
mikmongo/pkg/payment/xendit/client.go:78.55,80.30 2 1
mikmongo/pkg/payment/xendit/client.go:80.30,82.4 1 1
mikmongo/pkg/payment/xendit/client.go:83.3,83.29 1 1
mikmongo/pkg/payment/xendit/client.go:83.29,85.4 1 1
mikmongo/pkg/payment/xendit/client.go:86.3,86.31 1 1
mikmongo/pkg/payment/xendit/client.go:89.2,93.16 2 1
mikmongo/pkg/payment/xendit/client.go:93.16,95.3 1 1
mikmongo/pkg/payment/xendit/client.go:98.2,101.19 3 1
mikmongo/pkg/payment/xendit/client.go:101.19,103.3 1 1
mikmongo/pkg/payment/xendit/client.go:105.2,111.8 1 1
mikmongo/pkg/payment/xendit/client.go:119.80,121.80 2 1
mikmongo/pkg/payment/xendit/client.go:121.80,123.3 1 1
mikmongo/pkg/payment/xendit/client.go:125.2,126.16 2 1
mikmongo/pkg/payment/xendit/client.go:126.16,128.3 1 0
mikmongo/pkg/payment/xendit/client.go:130.2,131.55 2 1
mikmongo/pkg/payment/xendit/client.go:131.55,133.3 1 0
mikmongo/pkg/payment/xendit/client.go:135.2,140.8 1 1
mikmongo/pkg/payment/xendit/client.go:144.50,145.22 1 1
mikmongo/pkg/payment/xendit/client.go:146.25,147.21 1 1
mikmongo/pkg/payment/xendit/client.go:148.37,149.20 1 1
mikmongo/pkg/payment/xendit/client.go:150.10,152.19 2 0
mikmongo/pkg/validator/validator.go:13.23,17.2 1 0
mikmongo/pkg/validator/validator.go:20.51,22.2 1 0
mikmongo/pkg/validator/validator.go:25.70,27.2 1 0
mikmongo/pkg/validator/validator.go:30.73,32.2 1 0
